{"C:\\Users\\HomePC\\Desktop\\oldfiles\\dev-studio\\DevStudio\\phynnex-dev-studio\\src\\components\\Contact.tsx": {"path":"C:\\Users\\HomePC\\Desktop\\oldfiles\\dev-studio\\DevStudio\\phynnex-dev-studio\\src\\components\\Contact.tsx","statementMap":{"0":{"start":{"line":347,"column":0},"end":{"line":347,"column":15}},"1":{"start":{"line":1,"column":32},"end":{"line":1,"column":null}},"2":{"start":{"line":2,"column":19},"end":{"line":2,"column":null}},"3":{"start":{"line":14,"column":7},"end":{"line":14,"column":null}},"4":{"start":{"line":20,"column":7},"end":{"line":20,"column":null}},"5":{"start":{"line":29,"column":22},"end":{"line":61,"column":null}},"6":{"start":{"line":70,"column":16},"end":{"line":345,"column":null}},"7":{"start":{"line":71,"column":34},"end":{"line":76,"column":null}},"8":{"start":{"line":77,"column":30},"end":{"line":77,"column":null}},"9":{"start":{"line":78,"column":18},"end":{"line":78,"column":null}},"10":{"start":{"line":80,"column":23},"end":{"line":83,"column":null}},"11":{"start":{"line":81,"column":28},"end":{"line":81,"column":36}},"12":{"start":{"line":82,"column":4},"end":{"line":82,"column":null}},"13":{"start":{"line":82,"column":27},"end":{"line":82,"column":null}},"14":{"start":{"line":85,"column":23},"end":{"line":110,"column":null}},"15":{"start":{"line":86,"column":4},"end":{"line":86,"column":null}},"16":{"start":{"line":87,"column":4},"end":{"line":109,"column":null}},"17":{"start":{"line":88,"column":6},"end":{"line":88,"column":null}},"18":{"start":{"line":90,"column":16},"end":{"line":90,"column":null}},"19":{"start":{"line":91,"column":6},"end":{"line":91,"column":null}},"20":{"start":{"line":91,"column":37},"end":{"line":91,"column":null}},"21":{"start":{"line":93,"column":6},"end":{"line":93,"column":null}},"22":{"start":{"line":93,"column":43},"end":{"line":93,"column":null}},"23":{"start":{"line":93,"column":69},"end":{"line":93,"column":null}},"24":{"start":{"line":94,"column":20},"end":{"line":94,"column":null}},"25":{"start":{"line":96,"column":18},"end":{"line":100,"column":null}},"26":{"start":{"line":102,"column":19},"end":{"line":102,"column":null}},"27":{"start":{"line":102,"column":48},"end":{"line":102,"column":null}},"28":{"start":{"line":103,"column":6},"end":{"line":103,"column":null}},"29":{"start":{"line":103,"column":19},"end":{"line":103,"column":null}},"30":{"start":{"line":105,"column":6},"end":{"line":105,"column":null}},"31":{"start":{"line":106,"column":6},"end":{"line":106,"column":null}},"32":{"start":{"line":108,"column":6},"end":{"line":108,"column":null}},"33":{"start":{"line":347,"column":15},"end":{"line":347,"column":null}}},"fnMap":{"0":{"name":"(anonymous_5)","decl":{"start":{"line":29,"column":22},"end":{"line":29,"column":23}},"loc":{"start":{"line":29,"column":71},"end":{"line":61,"column":null}}},"1":{"name":"(anonymous_6)","decl":{"start":{"line":70,"column":16},"end":{"line":70,"column":17}},"loc":{"start":{"line":70,"column":33},"end":{"line":345,"column":null}}},"2":{"name":"(anonymous_7)","decl":{"start":{"line":80,"column":23},"end":{"line":80,"column":24}},"loc":{"start":{"line":80,"column":24},"end":{"line":83,"column":null}}},"3":{"name":"(anonymous_8)","decl":{"start":{"line":82,"column":16},"end":{"line":82,"column":17}},"loc":{"start":{"line":82,"column":27},"end":{"line":82,"column":null}}},"4":{"name":"(anonymous_9)","decl":{"start":{"line":85,"column":23},"end":{"line":85,"column":30}},"loc":{"start":{"line":85,"column":30},"end":{"line":110,"column":null}}},"5":{"name":"(anonymous_10)","decl":{"start":{"line":93,"column":30},"end":{"line":93,"column":31}},"loc":{"start":{"line":93,"column":43},"end":{"line":93,"column":null}}},"6":{"name":"(anonymous_11)","decl":{"start":{"line":93,"column":63},"end":{"line":93,"column":69}},"loc":{"start":{"line":93,"column":69},"end":{"line":93,"column":null}}},"7":{"name":"(anonymous_12)","decl":{"start":{"line":102,"column":42},"end":{"line":102,"column":48}},"loc":{"start":{"line":102,"column":48},"end":{"line":102,"column":null}}}},"branchMap":{"0":{"loc":{"start":{"line":78,"column":18},"end":{"line":78,"column":null}},"type":"binary-expr","locations":[{"start":{"line":78,"column":18},"end":{"line":78,"column":60}},{"start":{"line":78,"column":64},"end":{"line":78,"column":null}}]},"1":{"loc":{"start":{"line":91,"column":6},"end":{"line":91,"column":null}},"type":"if","locations":[{"start":{"line":91,"column":6},"end":{"line":91,"column":null}}]},"2":{"loc":{"start":{"line":91,"column":10},"end":{"line":91,"column":37}},"type":"binary-expr","locations":[{"start":{"line":91,"column":10},"end":{"line":91,"column":23}},{"start":{"line":91,"column":27},"end":{"line":91,"column":37}}]},"3":{"loc":{"start":{"line":103,"column":6},"end":{"line":103,"column":null}},"type":"if","locations":[{"start":{"line":103,"column":6},"end":{"line":103,"column":null}}]},"4":{"loc":{"start":{"line":103,"column":35},"end":{"line":103,"column":70}},"type":"binary-expr","locations":[{"start":{"line":103,"column":35},"end":{"line":103,"column":50}},{"start":{"line":103,"column":50},"end":{"line":103,"column":70}}]},"5":{"loc":{"start":{"line":291,"column":28},"end":{"line":301,"column":null}},"type":"cond-expr","locations":[{"start":{"line":291,"column":28},"end":{"line":301,"column":null}}]},"6":{"loc":{"start":{"line":316,"column":23},"end":{"line":316,"column":null}},"type":"binary-expr","locations":[{"start":{"line":316,"column":23},"end":{"line":316,"column":null}}]},"7":{"loc":{"start":{"line":322,"column":23},"end":{"line":322,"column":null}},"type":"binary-expr","locations":[{"start":{"line":322,"column":23},"end":{"line":322,"column":null}}]}},"s":{"0":1,"1":1,"2":1,"3":1,"4":1,"5":1,"6":1,"7":1,"8":1,"9":1,"10":1,"11":0,"12":0,"13":0,"14":1,"15":0,"16":0,"17":0,"18":0,"19":0,"20":0,"21":0,"22":0,"23":0,"24":0,"25":0,"26":0,"27":0,"28":0,"29":0,"30":0,"31":0,"32":0,"33":1},"f":{"0":3,"1":1,"2":0,"3":0,"4":0,"5":0,"6":0,"7":0},"b":{"0":[1,1],"1":[0],"2":[0,0],"3":[0],"4":[0,0],"5":[0],"6":[1],"7":[1]}}
,"C:\\Users\\HomePC\\Desktop\\oldfiles\\dev-studio\\DevStudio\\phynnex-dev-studio\\src\\components\\Footer.tsx": {"path":"C:\\Users\\HomePC\\Desktop\\oldfiles\\dev-studio\\DevStudio\\phynnex-dev-studio\\src\\components\\Footer.tsx","statementMap":{"0":{"start":{"line":172,"column":0},"end":{"line":172,"column":15}},"1":{"start":{"line":2,"column":18},"end":{"line":2,"column":null}},"2":{"start":{"line":3,"column":17},"end":{"line":3,"column":null}},"3":{"start":{"line":4,"column":48},"end":{"line":4,"column":null}},"4":{"start":{"line":7,"column":15},"end":{"line":170,"column":null}},"5":{"start":{"line":172,"column":15},"end":{"line":172,"column":null}}},"fnMap":{"0":{"name":"(anonymous_2)","decl":{"start":{"line":7,"column":15},"end":{"line":7,"column":16}},"loc":{"start":{"line":7,"column":31},"end":{"line":170,"column":null}}}},"branchMap":{},"s":{"0":1,"1":1,"2":1,"3":1,"4":1,"5":1},"f":{"0":1},"b":{}}
,"C:\\Users\\HomePC\\Desktop\\oldfiles\\dev-studio\\DevStudio\\phynnex-dev-studio\\src\\components\\Hero.tsx": {"path":"C:\\Users\\HomePC\\Desktop\\oldfiles\\dev-studio\\DevStudio\\phynnex-dev-studio\\src\\components\\Hero.tsx","statementMap":{"0":{"start":{"line":184,"column":0},"end":{"line":184,"column":15}},"1":{"start":{"line":1,"column":41},"end":{"line":1,"column":null}},"2":{"start":{"line":2,"column":17},"end":{"line":2,"column":null}},"3":{"start":{"line":3,"column":18},"end":{"line":3,"column":null}},"4":{"start":{"line":4,"column":19},"end":{"line":4,"column":null}},"5":{"start":{"line":6,"column":13},"end":{"line":182,"column":null}},"6":{"start":{"line":7,"column":16},"end":{"line":7,"column":null}},"7":{"start":{"line":8,"column":18},"end":{"line":8,"column":null}},"8":{"start":{"line":11,"column":2},"end":{"line":29,"column":null}},"9":{"start":{"line":12,"column":18},"end":{"line":12,"column":null}},"10":{"start":{"line":14,"column":21},"end":{"line":24,"column":null}},"11":{"start":{"line":15,"column":6},"end":{"line":15,"column":null}},"12":{"start":{"line":15,"column":19},"end":{"line":15,"column":null}},"13":{"start":{"line":16,"column":6},"end":{"line":16,"column":null}},"14":{"start":{"line":18,"column":6},"end":{"line":23,"column":null}},"15":{"start":{"line":19,"column":18},"end":{"line":19,"column":null}},"16":{"start":{"line":20,"column":8},"end":{"line":20,"column":null}},"17":{"start":{"line":20,"column":27},"end":{"line":20,"column":null}},"18":{"start":{"line":21,"column":8},"end":{"line":21,"column":null}},"19":{"start":{"line":21,"column":29},"end":{"line":21,"column":null}},"20":{"start":{"line":22,"column":8},"end":{"line":22,"column":null}},"21":{"start":{"line":26,"column":4},"end":{"line":26,"column":null}},"22":{"start":{"line":27,"column":4},"end":{"line":27,"column":null}},"23":{"start":{"line":28,"column":4},"end":{"line":28,"column":null}},"24":{"start":{"line":28,"column":17},"end":{"line":28,"column":null}},"25":{"start":{"line":184,"column":15},"end":{"line":184,"column":null}}},"fnMap":{"0":{"name":"(anonymous_5)","decl":{"start":{"line":6,"column":13},"end":{"line":6,"column":null}},"loc":{"start":{"line":6,"column":13},"end":{"line":182,"column":null}}},"1":{"name":"(anonymous_6)","decl":{"start":{"line":11,"column":12},"end":{"line":11,"column":null}},"loc":{"start":{"line":11,"column":12},"end":{"line":29,"column":5}}},"2":{"name":"(anonymous_7)","decl":{"start":{"line":14,"column":21},"end":{"line":14,"column":null}},"loc":{"start":{"line":14,"column":21},"end":{"line":24,"column":null}}},"3":{"name":"(anonymous_8)","decl":{"start":{"line":18,"column":28},"end":{"line":18,"column":null}},"loc":{"start":{"line":18,"column":28},"end":{"line":23,"column":null}}},"4":{"name":"(anonymous_9)","decl":{"start":{"line":28,"column":11},"end":{"line":28,"column":17}},"loc":{"start":{"line":28,"column":17},"end":{"line":28,"column":null}}}},"branchMap":{"0":{"loc":{"start":{"line":15,"column":6},"end":{"line":15,"column":null}},"type":"if","locations":[{"start":{"line":15,"column":6},"end":{"line":15,"column":null}}]},"1":{"loc":{"start":{"line":19,"column":18},"end":{"line":19,"column":null}},"type":"binary-expr","locations":[{"start":{"line":19,"column":18},"end":{"line":19,"column":32}},{"start":{"line":19,"column":36},"end":{"line":19,"column":null}}]},"2":{"loc":{"start":{"line":20,"column":8},"end":{"line":20,"column":null}},"type":"if","locations":[{"start":{"line":20,"column":8},"end":{"line":20,"column":null}}]},"3":{"loc":{"start":{"line":21,"column":8},"end":{"line":21,"column":null}},"type":"if","locations":[{"start":{"line":21,"column":8},"end":{"line":21,"column":null}}]}},"s":{"0":1,"1":1,"2":1,"3":1,"4":1,"5":1,"6":1,"7":1,"8":1,"9":1,"10":1,"11":1,"12":0,"13":1,"14":1,"15":0,"16":0,"17":0,"18":0,"19":0,"20":0,"21":1,"22":1,"23":1,"24":1,"25":1},"f":{"0":1,"1":1,"2":1,"3":0,"4":1},"b":{"0":[0],"1":[0,0],"2":[0],"3":[0]}}
,"C:\\Users\\HomePC\\Desktop\\oldfiles\\dev-studio\\DevStudio\\phynnex-dev-studio\\src\\components\\Navbar.tsx": {"path":"C:\\Users\\HomePC\\Desktop\\oldfiles\\dev-studio\\DevStudio\\phynnex-dev-studio\\src\\components\\Navbar.tsx","statementMap":{"0":{"start":{"line":322,"column":0},"end":{"line":322,"column":15}},"1":{"start":{"line":1,"column":51},"end":{"line":1,"column":null}},"2":{"start":{"line":2,"column":17},"end":{"line":2,"column":null}},"3":{"start":{"line":3,"column":18},"end":{"line":3,"column":null}},"4":{"start":{"line":4,"column":26},"end":{"line":4,"column":null}},"5":{"start":{"line":5,"column":17},"end":{"line":5,"column":null}},"6":{"start":{"line":9,"column":15},"end":{"line":320,"column":null}},"7":{"start":{"line":10,"column":30},"end":{"line":10,"column":null}},"8":{"start":{"line":11,"column":46},"end":{"line":11,"column":null}},"9":{"start":{"line":12,"column":38},"end":{"line":12,"column":null}},"10":{"start":{"line":13,"column":22},"end":{"line":13,"column":null}},"11":{"start":{"line":14,"column":17},"end":{"line":14,"column":null}},"12":{"start":{"line":17,"column":2},"end":{"line":24,"column":null}},"13":{"start":{"line":18,"column":25},"end":{"line":20,"column":null}},"14":{"start":{"line":19,"column":6},"end":{"line":19,"column":null}},"15":{"start":{"line":22,"column":4},"end":{"line":22,"column":null}},"16":{"start":{"line":23,"column":4},"end":{"line":23,"column":null}},"17":{"start":{"line":23,"column":17},"end":{"line":23,"column":null}},"18":{"start":{"line":27,"column":2},"end":{"line":36,"column":null}},"19":{"start":{"line":28,"column":31},"end":{"line":32,"column":null}},"20":{"start":{"line":29,"column":6},"end":{"line":31,"column":null}},"21":{"start":{"line":30,"column":8},"end":{"line":30,"column":null}},"22":{"start":{"line":34,"column":4},"end":{"line":34,"column":null}},"23":{"start":{"line":35,"column":4},"end":{"line":35,"column":null}},"24":{"start":{"line":35,"column":17},"end":{"line":35,"column":null}},"25":{"start":{"line":39,"column":2},"end":{"line":47,"column":null}},"26":{"start":{"line":40,"column":30},"end":{"line":43,"column":null}},"27":{"start":{"line":41,"column":6},"end":{"line":41,"column":null}},"28":{"start":{"line":42,"column":6},"end":{"line":42,"column":null}},"29":{"start":{"line":45,"column":4},"end":{"line":45,"column":null}},"30":{"start":{"line":46,"column":4},"end":{"line":46,"column":null}},"31":{"start":{"line":46,"column":17},"end":{"line":46,"column":null}},"32":{"start":{"line":49,"column":24},"end":{"line":49,"column":null}},"33":{"start":{"line":49,"column":42},"end":{"line":49,"column":null}},"34":{"start":{"line":51,"column":19},"end":{"line":57,"column":null}},"35":{"start":{"line":59,"column":24},"end":{"line":63,"column":null}},"36":{"start":{"line":98,"column":14},"end":{"line":99,"column":null}},"37":{"start":{"line":122,"column":31},"end":{"line":122,"column":null}},"38":{"start":{"line":162,"column":18},"end":{"line":163,"column":null}},"39":{"start":{"line":176,"column":35},"end":{"line":176,"column":null}},"40":{"start":{"line":218,"column":29},"end":{"line":218,"column":null}},"41":{"start":{"line":244,"column":16},"end":{"line":245,"column":null}},"42":{"start":{"line":256,"column":33},"end":{"line":256,"column":null}},"43":{"start":{"line":268,"column":18},"end":{"line":269,"column":null}},"44":{"start":{"line":280,"column":35},"end":{"line":280,"column":null}},"45":{"start":{"line":297,"column":33},"end":{"line":297,"column":null}},"46":{"start":{"line":309,"column":33},"end":{"line":309,"column":null}},"47":{"start":{"line":322,"column":15},"end":{"line":322,"column":null}}},"fnMap":{"0":{"name":"(anonymous_5)","decl":{"start":{"line":9,"column":15},"end":{"line":9,"column":16}},"loc":{"start":{"line":9,"column":31},"end":{"line":320,"column":null}}},"1":{"name":"(anonymous_6)","decl":{"start":{"line":17,"column":12},"end":{"line":17,"column":null}},"loc":{"start":{"line":17,"column":12},"end":{"line":24,"column":5}}},"2":{"name":"(anonymous_7)","decl":{"start":{"line":18,"column":25},"end":{"line":18,"column":null}},"loc":{"start":{"line":18,"column":25},"end":{"line":20,"column":null}}},"3":{"name":"(anonymous_8)","decl":{"start":{"line":23,"column":11},"end":{"line":23,"column":17}},"loc":{"start":{"line":23,"column":17},"end":{"line":23,"column":null}}},"4":{"name":"(anonymous_9)","decl":{"start":{"line":27,"column":12},"end":{"line":27,"column":null}},"loc":{"start":{"line":27,"column":12},"end":{"line":36,"column":5}}},"5":{"name":"(anonymous_10)","decl":{"start":{"line":28,"column":31},"end":{"line":28,"column":32}},"loc":{"start":{"line":28,"column":32},"end":{"line":32,"column":null}}},"6":{"name":"(anonymous_11)","decl":{"start":{"line":35,"column":11},"end":{"line":35,"column":17}},"loc":{"start":{"line":35,"column":17},"end":{"line":35,"column":null}}},"7":{"name":"(anonymous_12)","decl":{"start":{"line":39,"column":12},"end":{"line":39,"column":null}},"loc":{"start":{"line":39,"column":12},"end":{"line":47,"column":5}}},"8":{"name":"(anonymous_13)","decl":{"start":{"line":40,"column":30},"end":{"line":40,"column":null}},"loc":{"start":{"line":40,"column":30},"end":{"line":43,"column":null}}},"9":{"name":"(anonymous_14)","decl":{"start":{"line":46,"column":11},"end":{"line":46,"column":17}},"loc":{"start":{"line":46,"column":17},"end":{"line":46,"column":null}}},"10":{"name":"(anonymous_15)","decl":{"start":{"line":49,"column":24},"end":{"line":49,"column":25}},"loc":{"start":{"line":49,"column":42},"end":{"line":49,"column":null}}},"11":{"name":"(anonymous_16)","decl":{"start":{"line":97,"column":26},"end":{"line":97,"column":27}},"loc":{"start":{"line":98,"column":14},"end":{"line":99,"column":null}}},"12":{"name":"(anonymous_17)","decl":{"start":{"line":122,"column":25},"end":{"line":122,"column":31}},"loc":{"start":{"line":122,"column":31},"end":{"line":122,"column":null}}},"13":{"name":"(anonymous_18)","decl":{"start":{"line":161,"column":35},"end":{"line":161,"column":36}},"loc":{"start":{"line":162,"column":18},"end":{"line":163,"column":null}}},"14":{"name":"(anonymous_19)","decl":{"start":{"line":176,"column":29},"end":{"line":176,"column":35}},"loc":{"start":{"line":176,"column":35},"end":{"line":176,"column":null}}},"15":{"name":"(anonymous_20)","decl":{"start":{"line":218,"column":23},"end":{"line":218,"column":29}},"loc":{"start":{"line":218,"column":29},"end":{"line":218,"column":null}}},"16":{"name":"(anonymous_21)","decl":{"start":{"line":243,"column":28},"end":{"line":243,"column":29}},"loc":{"start":{"line":244,"column":16},"end":{"line":245,"column":null}}},"17":{"name":"(anonymous_22)","decl":{"start":{"line":256,"column":27},"end":{"line":256,"column":33}},"loc":{"start":{"line":256,"column":33},"end":{"line":256,"column":null}}},"18":{"name":"(anonymous_23)","decl":{"start":{"line":267,"column":35},"end":{"line":267,"column":36}},"loc":{"start":{"line":268,"column":18},"end":{"line":269,"column":null}}},"19":{"name":"(anonymous_24)","decl":{"start":{"line":280,"column":29},"end":{"line":280,"column":35}},"loc":{"start":{"line":280,"column":35},"end":{"line":280,"column":null}}},"20":{"name":"(anonymous_25)","decl":{"start":{"line":297,"column":27},"end":{"line":297,"column":33}},"loc":{"start":{"line":297,"column":33},"end":{"line":297,"column":null}}},"21":{"name":"(anonymous_26)","decl":{"start":{"line":309,"column":27},"end":{"line":309,"column":33}},"loc":{"start":{"line":309,"column":33},"end":{"line":309,"column":null}}}},"branchMap":{"0":{"loc":{"start":{"line":29,"column":6},"end":{"line":31,"column":null}},"type":"if","locations":[{"start":{"line":29,"column":6},"end":{"line":31,"column":null}}]},"1":{"loc":{"start":{"line":29,"column":10},"end":{"line":29,"column":86}},"type":"binary-expr","locations":[{"start":{"line":29,"column":10},"end":{"line":29,"column":29}},{"start":{"line":29,"column":33},"end":{"line":29,"column":86}}]},"2":{"loc":{"start":{"line":70,"column":10},"end":{"line":72,"column":null}},"type":"cond-expr","locations":[{"start":{"line":71,"column":14},"end":{"line":71,"column":null}},{"start":{"line":72,"column":14},"end":{"line":72,"column":null}}]},"3":{"loc":{"start":{"line":105,"column":20},"end":{"line":107,"column":null}},"type":"cond-expr","locations":[{"start":{"line":106,"column":24},"end":{"line":106,"column":null}},{"start":{"line":107,"column":24},"end":{"line":107,"column":null}}]},"4":{"loc":{"start":{"line":112,"column":20},"end":{"line":112,"column":67}},"type":"cond-expr","locations":[{"start":{"line":112,"column":47},"end":{"line":112,"column":64}},{"start":{"line":112,"column":64},"end":{"line":112,"column":67}}]},"5":{"loc":{"start":{"line":126,"column":20},"end":{"line":126,"column":64}},"type":"cond-expr","locations":[{"start":{"line":126,"column":37},"end":{"line":126,"column":61}},{"start":{"line":126,"column":61},"end":{"line":126,"column":64}}]},"6":{"loc":{"start":{"line":132,"column":20},"end":{"line":132,"column":null}},"type":"cond-expr","locations":[{"start":{"line":132,"column":37},"end":{"line":132,"column":52}},{"start":{"line":132,"column":52},"end":{"line":132,"column":null}}]},"7":{"loc":{"start":{"line":155,"column":20},"end":{"line":157,"column":null}},"type":"cond-expr","locations":[{"start":{"line":156,"column":24},"end":{"line":156,"column":null}},{"start":{"line":157,"column":24},"end":{"line":157,"column":null}}]},"8":{"loc":{"start":{"line":170,"column":24},"end":{"line":172,"column":null}},"type":"cond-expr","locations":[{"start":{"line":171,"column":28},"end":{"line":171,"column":null}},{"start":{"line":172,"column":28},"end":{"line":172,"column":null}}]},"9":{"loc":{"start":{"line":174,"column":24},"end":{"line":174,"column":92}},"type":"cond-expr","locations":[{"start":{"line":174,"column":61},"end":{"line":174,"column":89}},{"start":{"line":174,"column":89},"end":{"line":174,"column":92}}]},"10":{"loc":{"start":{"line":227,"column":21},"end":{"line":227,"column":null}},"type":"cond-expr","locations":[{"start":{"line":227,"column":30},"end":{"line":227,"column":55}},{"start":{"line":227,"column":55},"end":{"line":227,"column":null}}]},"11":{"loc":{"start":{"line":238,"column":14},"end":{"line":238,"column":68}},"type":"cond-expr","locations":[{"start":{"line":238,"column":23},"end":{"line":238,"column":48}},{"start":{"line":238,"column":48},"end":{"line":238,"column":68}}]},"12":{"loc":{"start":{"line":251,"column":22},"end":{"line":253,"column":null}},"type":"cond-expr","locations":[{"start":{"line":252,"column":26},"end":{"line":252,"column":null}},{"start":{"line":253,"column":26},"end":{"line":253,"column":null}}]},"13":{"loc":{"start":{"line":275,"column":24},"end":{"line":277,"column":null}},"type":"cond-expr","locations":[{"start":{"line":276,"column":28},"end":{"line":276,"column":null}},{"start":{"line":277,"column":28},"end":{"line":277,"column":null}}]}},"s":{"0":2,"1":1,"2":1,"3":1,"4":1,"5":1,"6":1,"7":2,"8":2,"9":2,"10":2,"11":2,"12":2,"13":2,"14":0,"15":2,"16":2,"17":2,"18":2,"19":2,"20":0,"21":0,"22":2,"23":2,"24":2,"25":2,"26":2,"27":0,"28":0,"29":2,"30":2,"31":2,"32":2,"33":42,"34":2,"35":2,"36":10,"37":0,"38":6,"39":0,"40":0,"41":10,"42":0,"43":6,"44":0,"45":0,"46":0,"47":1},"f":{"0":2,"1":2,"2":0,"3":2,"4":2,"5":0,"6":2,"7":2,"8":0,"9":2,"10":42,"11":10,"12":0,"13":6,"14":0,"15":0,"16":10,"17":0,"18":6,"19":0,"20":0,"21":0},"b":{"0":[0],"1":[0,0],"2":[0,2],"3":[0,10],"4":[0,10],"5":[0,2],"6":[0,2],"7":[0,2],"8":[0,6],"9":[4,2],"10":[0,2],"11":[0,2],"12":[0,10],"13":[0,6]}}
,"C:\\Users\\HomePC\\Desktop\\oldfiles\\dev-studio\\DevStudio\\phynnex-dev-studio\\src\\components\\Process.tsx": {"path":"C:\\Users\\HomePC\\Desktop\\oldfiles\\dev-studio\\DevStudio\\phynnex-dev-studio\\src\\components\\Process.tsx","statementMap":{"0":{"start":{"line":292,"column":0},"end":{"line":292,"column":15}},"1":{"start":{"line":1,"column":18},"end":{"line":1,"column":null}},"2":{"start":{"line":2,"column":17},"end":{"line":2,"column":null}},"3":{"start":{"line":12,"column":20},"end":{"line":78,"column":null}},"4":{"start":{"line":82,"column":16},"end":{"line":290,"column":null}},"5":{"start":{"line":83,"column":23},"end":{"line":102,"column":null}},"6":{"start":{"line":156,"column":12},"end":{"line":157,"column":null}},"7":{"start":{"line":174,"column":16},"end":{"line":174,"column":49}},"8":{"start":{"line":292,"column":15},"end":{"line":292,"column":null}}},"fnMap":{"0":{"name":"(anonymous_2)","decl":{"start":{"line":12,"column":20},"end":{"line":12,"column":21}},"loc":{"start":{"line":12,"column":84},"end":{"line":78,"column":null}}},"1":{"name":"(anonymous_3)","decl":{"start":{"line":82,"column":16},"end":{"line":82,"column":17}},"loc":{"start":{"line":82,"column":33},"end":{"line":290,"column":null}}},"2":{"name":"(anonymous_4)","decl":{"start":{"line":155,"column":28},"end":{"line":155,"column":29}},"loc":{"start":{"line":156,"column":12},"end":{"line":157,"column":null}}},"3":{"name":"(anonymous_5)","decl":{"start":{"line":173,"column":32},"end":{"line":173,"column":33}},"loc":{"start":{"line":174,"column":16},"end":{"line":174,"column":49}}}},"branchMap":{"0":{"loc":{"start":{"line":23,"column":10},"end":{"line":23,"column":43}},"type":"cond-expr","locations":[{"start":{"line":23,"column":19},"end":{"line":23,"column":40}},{"start":{"line":23,"column":40},"end":{"line":23,"column":43}}]},"1":{"loc":{"start":{"line":31,"column":10},"end":{"line":31,"column":74}},"type":"cond-expr","locations":[{"start":{"line":31,"column":27},"end":{"line":31,"column":38}},{"start":{"line":31,"column":38},"end":{"line":31,"column":74}}]},"2":{"loc":{"start":{"line":31,"column":38},"end":{"line":31,"column":74}},"type":"cond-expr","locations":[{"start":{"line":31,"column":47},"end":{"line":31,"column":62}},{"start":{"line":31,"column":62},"end":{"line":31,"column":74}}]},"3":{"loc":{"start":{"line":178,"column":22},"end":{"line":178,"column":86}},"type":"cond-expr","locations":[{"start":{"line":178,"column":36},"end":{"line":178,"column":72}},{"start":{"line":178,"column":72},"end":{"line":178,"column":86}}]}},"s":{"0":1,"1":1,"2":1,"3":1,"4":1,"5":1,"6":3,"7":3,"8":1},"f":{"0":3,"1":1,"2":3,"3":3},"b":{"0":[1,2],"1":[1,2],"2":[1,1],"3":[1,2]}}
,"C:\\Users\\HomePC\\Desktop\\oldfiles\\dev-studio\\DevStudio\\phynnex-dev-studio\\src\\components\\Services.tsx": {"path":"C:\\Users\\HomePC\\Desktop\\oldfiles\\dev-studio\\DevStudio\\phynnex-dev-studio\\src\\components\\Services.tsx","statementMap":{"0":{"start":{"line":271,"column":0},"end":{"line":271,"column":15}},"1":{"start":{"line":1,"column":18},"end":{"line":1,"column":null}},"2":{"start":{"line":2,"column":17},"end":{"line":2,"column":null}},"3":{"start":{"line":11,"column":20},"end":{"line":104,"column":null}},"4":{"start":{"line":108,"column":17},"end":{"line":269,"column":null}},"5":{"start":{"line":271,"column":15},"end":{"line":271,"column":null}}},"fnMap":{"0":{"name":"(anonymous_2)","decl":{"start":{"line":11,"column":20},"end":{"line":11,"column":21}},"loc":{"start":{"line":11,"column":74},"end":{"line":104,"column":null}}},"1":{"name":"(anonymous_3)","decl":{"start":{"line":108,"column":17},"end":{"line":108,"column":18}},"loc":{"start":{"line":108,"column":35},"end":{"line":269,"column":null}}}},"branchMap":{},"s":{"0":1,"1":1,"2":1,"3":1,"4":1,"5":1},"f":{"0":3,"1":1},"b":{}}
,"C:\\Users\\HomePC\\Desktop\\oldfiles\\dev-studio\\DevStudio\\phynnex-dev-studio\\src\\components\\Team.tsx": {"path":"C:\\Users\\HomePC\\Desktop\\oldfiles\\dev-studio\\DevStudio\\phynnex-dev-studio\\src\\components\\Team.tsx","statementMap":{"0":{"start":{"line":236,"column":0},"end":{"line":236,"column":15}},"1":{"start":{"line":1,"column":18},"end":{"line":1,"column":null}},"2":{"start":{"line":2,"column":18},"end":{"line":2,"column":null}},"3":{"start":{"line":3,"column":49},"end":{"line":3,"column":null}},"4":{"start":{"line":4,"column":37},"end":{"line":4,"column":null}},"5":{"start":{"line":8,"column":13},"end":{"line":234,"column":null}},"6":{"start":{"line":9,"column":22},"end":{"line":19,"column":null}},"7":{"start":{"line":101,"column":22},"end":{"line":102,"column":null}},"8":{"start":{"line":194,"column":16},"end":{"line":195,"column":null}},"9":{"start":{"line":236,"column":15},"end":{"line":236,"column":null}}},"fnMap":{"0":{"name":"(anonymous_2)","decl":{"start":{"line":8,"column":13},"end":{"line":8,"column":14}},"loc":{"start":{"line":8,"column":27},"end":{"line":234,"column":null}}},"1":{"name":"(anonymous_3)","decl":{"start":{"line":100,"column":37},"end":{"line":100,"column":38}},"loc":{"start":{"line":101,"column":22},"end":{"line":102,"column":null}}},"2":{"name":"(anonymous_4)","decl":{"start":{"line":193,"column":20},"end":{"line":193,"column":21}},"loc":{"start":{"line":194,"column":16},"end":{"line":195,"column":null}}}},"branchMap":{},"s":{"0":1,"1":1,"2":1,"3":1,"4":1,"5":1,"6":1,"7":9,"8":4,"9":1},"f":{"0":1,"1":9,"2":4},"b":{}}
,"C:\\Users\\HomePC\\Desktop\\oldfiles\\dev-studio\\DevStudio\\phynnex-dev-studio\\src\\config\\contact.ts": {"path":"C:\\Users\\HomePC\\Desktop\\oldfiles\\dev-studio\\DevStudio\\phynnex-dev-studio\\src\\config\\contact.ts","statementMap":{"0":{"start":{"line":3,"column":13},"end":{"line":3,"column":null}},"1":{"start":{"line":5,"column":13},"end":{"line":5,"column":null}},"2":{"start":{"line":2,"column":13},"end":{"line":2,"column":29}},"3":{"start":{"line":1,"column":13},"end":{"line":1,"column":29}},"4":{"start":{"line":1,"column":29},"end":{"line":1,"column":null}},"5":{"start":{"line":2,"column":29},"end":{"line":2,"column":null}},"6":{"start":{"line":4,"column":2},"end":{"line":4,"column":null}},"7":{"start":{"line":6,"column":2},"end":{"line":6,"column":null}}},"fnMap":{},"branchMap":{"0":{"loc":{"start":{"line":1,"column":29},"end":{"line":1,"column":null}},"type":"binary-expr","locations":[{"start":{"line":1,"column":29},"end":{"line":1,"column":66}},{"start":{"line":1,"column":70},"end":{"line":1,"column":null}}]},"1":{"loc":{"start":{"line":2,"column":29},"end":{"line":2,"column":null}},"type":"binary-expr","locations":[{"start":{"line":2,"column":29},"end":{"line":2,"column":66}},{"start":{"line":2,"column":70},"end":{"line":2,"column":null}}]},"2":{"loc":{"start":{"line":4,"column":2},"end":{"line":4,"column":null}},"type":"binary-expr","locations":[{"start":{"line":4,"column":2},"end":{"line":4,"column":47}},{"start":{"line":4,"column":51},"end":{"line":4,"column":null}}]},"3":{"loc":{"start":{"line":6,"column":2},"end":{"line":6,"column":null}},"type":"binary-expr","locations":[{"start":{"line":6,"column":2},"end":{"line":6,"column":47}},{"start":{"line":6,"column":51},"end":{"line":6,"column":null}}]}},"s":{"0":1,"1":1,"2":1,"3":1,"4":1,"5":1,"6":1,"7":1},"f":{},"b":{"0":[1,1],"1":[1,1],"2":[1,1],"3":[1,1]}}
,"C:\\Users\\HomePC\\Desktop\\oldfiles\\dev-studio\\DevStudio\\phynnex-dev-studio\\src\\pages\\api\\contact.ts": {"path":"C:\\Users\\HomePC\\Desktop\\oldfiles\\dev-studio\\DevStudio\\phynnex-dev-studio\\src\\pages\\api\\contact.ts","statementMap":{"0":{"start":{"line":36,"column":30},"end":{"line":36,"column":38}},"1":{"start":{"line":2,"column":23},"end":{"line":2,"column":null}},"2":{"start":{"line":4,"column":26},"end":{"line":4,"column":null}},"3":{"start":{"line":5,"column":20},"end":{"line":5,"column":null}},"4":{"start":{"line":6,"column":19},"end":{"line":6,"column":null}},"5":{"start":{"line":8,"column":12},"end":{"line":19,"column":null}},"6":{"start":{"line":9,"column":40},"end":{"line":9,"column":null}},"7":{"start":{"line":10,"column":2},"end":{"line":16,"column":null}},"8":{"start":{"line":11,"column":4},"end":{"line":15,"column":null}},"9":{"start":{"line":12,"column":6},"end":{"line":12,"column":null}},"10":{"start":{"line":14,"column":6},"end":{"line":14,"column":null}},"11":{"start":{"line":18,"column":2},"end":{"line":18,"column":null}},"12":{"start":{"line":22,"column":14},"end":{"line":22,"column":null}},"13":{"start":{"line":23,"column":16},"end":{"line":23,"column":null}},"14":{"start":{"line":24,"column":2},"end":{"line":27,"column":null}},"15":{"start":{"line":25,"column":4},"end":{"line":25,"column":null}},"16":{"start":{"line":26,"column":4},"end":{"line":26,"column":null}},"17":{"start":{"line":28,"column":2},"end":{"line":31,"column":null}},"18":{"start":{"line":29,"column":4},"end":{"line":29,"column":null}},"19":{"start":{"line":30,"column":4},"end":{"line":30,"column":null}},"20":{"start":{"line":32,"column":2},"end":{"line":32,"column":null}},"21":{"start":{"line":33,"column":2},"end":{"line":33,"column":null}},"22":{"start":{"line":37,"column":2},"end":{"line":40,"column":null}},"23":{"start":{"line":38,"column":4},"end":{"line":38,"column":null}},"24":{"start":{"line":39,"column":4},"end":{"line":39,"column":null}},"25":{"start":{"line":42,"column":19},"end":{"line":42,"column":null}},"26":{"start":{"line":43,"column":13},"end":{"line":43,"column":null}},"27":{"start":{"line":44,"column":2},"end":{"line":46,"column":null}},"28":{"start":{"line":45,"column":4},"end":{"line":45,"column":null}},"29":{"start":{"line":48,"column":49},"end":{"line":48,"column":null}},"30":{"start":{"line":49,"column":2},"end":{"line":51,"column":null}},"31":{"start":{"line":50,"column":4},"end":{"line":50,"column":null}},"32":{"start":{"line":53,"column":21},"end":{"line":53,"column":null}},"33":{"start":{"line":54,"column":2},"end":{"line":56,"column":null}},"34":{"start":{"line":55,"column":4},"end":{"line":55,"column":null}},"35":{"start":{"line":58,"column":2},"end":{"line":124,"column":null}},"36":{"start":{"line":60,"column":19},"end":{"line":60,"column":47}},"37":{"start":{"line":61,"column":4},"end":{"line":61,"column":null}},"38":{"start":{"line":61,"column":17},"end":{"line":61,"column":null}},"39":{"start":{"line":63,"column":22},"end":{"line":67,"column":null}},"40":{"start":{"line":68,"column":23},"end":{"line":68,"column":null}},"41":{"start":{"line":69,"column":4},"end":{"line":69,"column":53}},"42":{"start":{"line":72,"column":4},"end":{"line":78,"column":null}},"43":{"start":{"line":77,"column":6},"end":{"line":77,"column":null}},"44":{"start":{"line":82,"column":4},"end":{"line":101,"column":null}},"45":{"start":{"line":83,"column":19},"end":{"line":83,"column":null}},"46":{"start":{"line":84,"column":6},"end":{"line":88,"column":null}},"47":{"start":{"line":89,"column":6},"end":{"line":89,"column":null}},"48":{"start":{"line":91,"column":6},"end":{"line":100,"column":null}},"49":{"start":{"line":103,"column":17},"end":{"line":108,"column":null}},"50":{"start":{"line":110,"column":4},"end":{"line":110,"column":null}},"51":{"start":{"line":113,"column":4},"end":{"line":116,"column":null}},"52":{"start":{"line":114,"column":18},"end":{"line":114,"column":null}},"53":{"start":{"line":115,"column":6},"end":{"line":115,"column":null}},"54":{"start":{"line":115,"column":15},"end":{"line":115,"column":null}},"55":{"start":{"line":118,"column":4},"end":{"line":118,"column":null}},"56":{"start":{"line":120,"column":4},"end":{"line":120,"column":null}},"57":{"start":{"line":122,"column":6},"end":{"line":122,"column":null}},"58":{"start":{"line":123,"column":4},"end":{"line":123,"column":null}}},"fnMap":{"0":{"name":"(anonymous_2)","decl":{"start":{"line":8,"column":12},"end":{"line":8,"column":13}},"loc":{"start":{"line":8,"column":89},"end":{"line":19,"column":null}}},"1":{"name":"rateLimited","decl":{"start":{"line":21,"column":9},"end":{"line":21,"column":21}},"loc":{"start":{"line":21,"column":31},"end":{"line":34,"column":null}}},"2":{"name":"handler","decl":{"start":{"line":36,"column":30},"end":{"line":36,"column":38}},"loc":{"start":{"line":36,"column":79},"end":{"line":125,"column":null}}}},"branchMap":{"0":{"loc":{"start":{"line":8,"column":55},"end":{"line":8,"column":89}},"type":"default-arg","locations":[{"start":{"line":8,"column":87},"end":{"line":8,"column":89}}]},"1":{"loc":{"start":{"line":11,"column":4},"end":{"line":15,"column":null}},"type":"if","locations":[{"start":{"line":11,"column":4},"end":{"line":15,"column":null}},{"start":{"line":13,"column":11},"end":{"line":15,"column":null}}]},"2":{"loc":{"start":{"line":24,"column":2},"end":{"line":27,"column":null}},"type":"if","locations":[{"start":{"line":24,"column":2},"end":{"line":27,"column":null}}]},"3":{"loc":{"start":{"line":28,"column":2},"end":{"line":31,"column":null}},"type":"if","locations":[{"start":{"line":28,"column":2},"end":{"line":31,"column":null}}]},"4":{"loc":{"start":{"line":37,"column":2},"end":{"line":40,"column":null}},"type":"if","locations":[{"start":{"line":37,"column":2},"end":{"line":40,"column":null}}]},"5":{"loc":{"start":{"line":42,"column":19},"end":{"line":42,"column":null}},"type":"binary-expr","locations":[{"start":{"line":42,"column":19},"end":{"line":42,"column":52}},{"start":{"line":42,"column":67},"end":{"line":42,"column":null}}]},"6":{"loc":{"start":{"line":43,"column":13},"end":{"line":43,"column":null}},"type":"binary-expr","locations":[{"start":{"line":43,"column":13},"end":{"line":43,"column":47}},{"start":{"line":43,"column":47},"end":{"line":43,"column":76}},{"start":{"line":43,"column":76},"end":{"line":43,"column":null}}]},"7":{"loc":{"start":{"line":44,"column":2},"end":{"line":46,"column":null}},"type":"if","locations":[{"start":{"line":44,"column":2},"end":{"line":46,"column":null}}]},"8":{"loc":{"start":{"line":48,"column":49},"end":{"line":48,"column":null}},"type":"binary-expr","locations":[{"start":{"line":48,"column":49},"end":{"line":48,"column":57}},{"start":{"line":48,"column":61},"end":{"line":48,"column":null}}]},"9":{"loc":{"start":{"line":49,"column":2},"end":{"line":51,"column":null}},"type":"if","locations":[{"start":{"line":49,"column":2},"end":{"line":51,"column":null}}]},"10":{"loc":{"start":{"line":49,"column":6},"end":{"line":49,"column":45}},"type":"binary-expr","locations":[{"start":{"line":49,"column":6},"end":{"line":49,"column":15}},{"start":{"line":49,"column":15},"end":{"line":49,"column":25}},{"start":{"line":49,"column":25},"end":{"line":49,"column":37}},{"start":{"line":49,"column":37},"end":{"line":49,"column":45}}]},"11":{"loc":{"start":{"line":54,"column":2},"end":{"line":56,"column":null}},"type":"if","locations":[{"start":{"line":54,"column":2},"end":{"line":56,"column":null}}]},"12":{"loc":{"start":{"line":61,"column":4},"end":{"line":61,"column":null}},"type":"if","locations":[{"start":{"line":61,"column":4},"end":{"line":61,"column":null}}]},"13":{"loc":{"start":{"line":72,"column":4},"end":{"line":78,"column":null}},"type":"if","locations":[{"start":{"line":72,"column":4},"end":{"line":78,"column":null}}]},"14":{"loc":{"start":{"line":73,"column":6},"end":{"line":75,"column":null}},"type":"binary-expr","locations":[{"start":{"line":73,"column":6},"end":{"line":73,"column":25}},{"start":{"line":74,"column":7},"end":{"line":74,"column":24}},{"start":{"line":74,"column":28},"end":{"line":74,"column":null}},{"start":{"line":75,"column":7},"end":{"line":75,"column":47}},{"start":{"line":75,"column":47},"end":{"line":75,"column":null}}]},"15":{"loc":{"start":{"line":82,"column":4},"end":{"line":101,"column":null}},"type":"if","locations":[{"start":{"line":82,"column":4},"end":{"line":101,"column":null}},{"start":{"line":90,"column":11},"end":{"line":101,"column":null}}]},"16":{"loc":{"start":{"line":82,"column":8},"end":{"line":82,"column":72}},"type":"binary-expr","locations":[{"start":{"line":82,"column":8},"end":{"line":82,"column":49}},{"start":{"line":82,"column":49},"end":{"line":82,"column":72}}]},"17":{"loc":{"start":{"line":93,"column":21},"end":{"line":93,"column":null}},"type":"binary-expr","locations":[{"start":{"line":93,"column":21},"end":{"line":93,"column":43}},{"start":{"line":93,"column":47},"end":{"line":93,"column":null}}]},"18":{"loc":{"start":{"line":107,"column":54},"end":{"line":107,"column":66}},"type":"binary-expr","locations":[{"start":{"line":107,"column":54},"end":{"line":107,"column":63}},{"start":{"line":107,"column":63},"end":{"line":107,"column":66}}]},"19":{"loc":{"start":{"line":113,"column":4},"end":{"line":116,"column":null}},"type":"if","locations":[{"start":{"line":113,"column":4},"end":{"line":116,"column":null}}]},"20":{"loc":{"start":{"line":115,"column":6},"end":{"line":115,"column":null}},"type":"if","locations":[{"start":{"line":115,"column":6},"end":{"line":115,"column":null}}]},"21":{"loc":{"start":{"line":122,"column":6},"end":{"line":122,"column":null}},"type":"cond-expr","locations":[{"start":{"line":122,"column":47},"end":{"line":122,"column":71}},{"start":{"line":122,"column":74},"end":{"line":122,"column":null}}]}},"s":{"0":3,"1":1,"2":1,"3":1,"4":1,"5":1,"6":1,"7":1,"8":1,"9":1,"10":0,"11":1,"12":2,"13":2,"14":2,"15":1,"16":1,"17":1,"18":0,"19":0,"20":1,"21":1,"22":3,"23":1,"24":1,"25":2,"26":2,"27":2,"28":0,"29":2,"30":2,"31":1,"32":1,"33":1,"34":0,"35":1,"36":1,"37":1,"38":1,"39":0,"40":0,"41":0,"42":0,"43":0,"44":0,"45":0,"46":0,"47":0,"48":0,"49":0,"50":0,"51":0,"52":0,"53":0,"54":0,"55":0,"56":1,"57":1,"58":1},"f":{"0":1,"1":2,"2":3},"b":{"0":[0],"1":[1,0],"2":[1],"3":[0],"4":[1],"5":[2,2],"6":[2,2,2],"7":[0],"8":[2,0],"9":[1],"10":[2,1,1,1],"11":[0],"12":[1],"13":[0],"14":[0,0,0,0,0],"15":[0,0],"16":[0,0],"17":[0,0],"18":[0,0],"19":[0],"20":[0],"21":[0,1]}}
}
