{"C:\\Users\\USER\\Desktop\\DevStudio\\phynnex-dev-studio\\src\\components\\Contact.tsx": {"path":"C:\\Users\\USER\\Desktop\\DevStudio\\phynnex-dev-studio\\src\\components\\Contact.tsx","statementMap":{"0":{"start":{"line":348,"column":0},"end":{"line":348,"column":15}},"1":{"start":{"line":1,"column":32},"end":{"line":1,"column":null}},"2":{"start":{"line":2,"column":19},"end":{"line":2,"column":null}},"3":{"start":{"line":14,"column":7},"end":{"line":14,"column":null}},"4":{"start":{"line":20,"column":7},"end":{"line":20,"column":null}},"5":{"start":{"line":29,"column":22},"end":{"line":61,"column":null}},"6":{"start":{"line":70,"column":16},"end":{"line":346,"column":null}},"7":{"start":{"line":71,"column":34},"end":{"line":76,"column":null}},"8":{"start":{"line":77,"column":30},"end":{"line":77,"column":null}},"9":{"start":{"line":78,"column":18},"end":{"line":78,"column":null}},"10":{"start":{"line":80,"column":23},"end":{"line":83,"column":null}},"11":{"start":{"line":81,"column":28},"end":{"line":81,"column":36}},"12":{"start":{"line":82,"column":4},"end":{"line":82,"column":null}},"13":{"start":{"line":82,"column":27},"end":{"line":82,"column":null}},"14":{"start":{"line":85,"column":23},"end":{"line":111,"column":null}},"15":{"start":{"line":86,"column":4},"end":{"line":86,"column":null}},"16":{"start":{"line":87,"column":4},"end":{"line":110,"column":null}},"17":{"start":{"line":88,"column":6},"end":{"line":88,"column":null}},"18":{"start":{"line":90,"column":16},"end":{"line":90,"column":null}},"19":{"start":{"line":91,"column":6},"end":{"line":91,"column":null}},"20":{"start":{"line":91,"column":37},"end":{"line":91,"column":null}},"21":{"start":{"line":93,"column":6},"end":{"line":93,"column":null}},"22":{"start":{"line":93,"column":43},"end":{"line":93,"column":null}},"23":{"start":{"line":93,"column":69},"end":{"line":93,"column":null}},"24":{"start":{"line":94,"column":20},"end":{"line":94,"column":null}},"25":{"start":{"line":96,"column":18},"end":{"line":100,"column":null}},"26":{"start":{"line":102,"column":19},"end":{"line":102,"column":null}},"27":{"start":{"line":102,"column":48},"end":{"line":102,"column":null}},"28":{"start":{"line":103,"column":6},"end":{"line":103,"column":null}},"29":{"start":{"line":103,"column":19},"end":{"line":103,"column":null}},"30":{"start":{"line":105,"column":6},"end":{"line":105,"column":null}},"31":{"start":{"line":106,"column":6},"end":{"line":106,"column":null}},"32":{"start":{"line":108,"column":6},"end":{"line":108,"column":null}},"33":{"start":{"line":109,"column":6},"end":{"line":109,"column":null}},"34":{"start":{"line":348,"column":15},"end":{"line":348,"column":null}}},"fnMap":{"0":{"name":"(anonymous_5)","decl":{"start":{"line":29,"column":22},"end":{"line":29,"column":23}},"loc":{"start":{"line":29,"column":71},"end":{"line":61,"column":null}}},"1":{"name":"(anonymous_6)","decl":{"start":{"line":70,"column":16},"end":{"line":70,"column":17}},"loc":{"start":{"line":70,"column":33},"end":{"line":346,"column":null}}},"2":{"name":"(anonymous_7)","decl":{"start":{"line":80,"column":23},"end":{"line":80,"column":24}},"loc":{"start":{"line":80,"column":24},"end":{"line":83,"column":null}}},"3":{"name":"(anonymous_8)","decl":{"start":{"line":82,"column":16},"end":{"line":82,"column":17}},"loc":{"start":{"line":82,"column":27},"end":{"line":82,"column":null}}},"4":{"name":"(anonymous_9)","decl":{"start":{"line":85,"column":23},"end":{"line":85,"column":30}},"loc":{"start":{"line":85,"column":30},"end":{"line":111,"column":null}}},"5":{"name":"(anonymous_10)","decl":{"start":{"line":93,"column":30},"end":{"line":93,"column":31}},"loc":{"start":{"line":93,"column":43},"end":{"line":93,"column":null}}},"6":{"name":"(anonymous_11)","decl":{"start":{"line":93,"column":63},"end":{"line":93,"column":69}},"loc":{"start":{"line":93,"column":69},"end":{"line":93,"column":null}}},"7":{"name":"(anonymous_12)","decl":{"start":{"line":102,"column":42},"end":{"line":102,"column":48}},"loc":{"start":{"line":102,"column":48},"end":{"line":102,"column":null}}}},"branchMap":{"0":{"loc":{"start":{"line":78,"column":18},"end":{"line":78,"column":null}},"type":"binary-expr","locations":[{"start":{"line":78,"column":18},"end":{"line":78,"column":60}},{"start":{"line":78,"column":64},"end":{"line":78,"column":null}}]},"1":{"loc":{"start":{"line":91,"column":6},"end":{"line":91,"column":null}},"type":"if","locations":[{"start":{"line":91,"column":6},"end":{"line":91,"column":null}}]},"2":{"loc":{"start":{"line":91,"column":10},"end":{"line":91,"column":37}},"type":"binary-expr","locations":[{"start":{"line":91,"column":10},"end":{"line":91,"column":23}},{"start":{"line":91,"column":27},"end":{"line":91,"column":37}}]},"3":{"loc":{"start":{"line":103,"column":6},"end":{"line":103,"column":null}},"type":"if","locations":[{"start":{"line":103,"column":6},"end":{"line":103,"column":null}}]},"4":{"loc":{"start":{"line":103,"column":35},"end":{"line":103,"column":70}},"type":"binary-expr","locations":[{"start":{"line":103,"column":35},"end":{"line":103,"column":50}},{"start":{"line":103,"column":50},"end":{"line":103,"column":70}}]},"5":{"loc":{"start":{"line":292,"column":28},"end":{"line":302,"column":null}},"type":"cond-expr","locations":[{"start":{"line":292,"column":28},"end":{"line":302,"column":null}}]},"6":{"loc":{"start":{"line":317,"column":23},"end":{"line":317,"column":null}},"type":"binary-expr","locations":[{"start":{"line":317,"column":23},"end":{"line":317,"column":null}}]},"7":{"loc":{"start":{"line":323,"column":23},"end":{"line":323,"column":null}},"type":"binary-expr","locations":[{"start":{"line":323,"column":23},"end":{"line":323,"column":null}}]}},"s":{"0":1,"1":1,"2":1,"3":1,"4":1,"5":1,"6":1,"7":1,"8":1,"9":1,"10":1,"11":0,"12":0,"13":0,"14":1,"15":0,"16":0,"17":0,"18":0,"19":0,"20":0,"21":0,"22":0,"23":0,"24":0,"25":0,"26":0,"27":0,"28":0,"29":0,"30":0,"31":0,"32":0,"33":0,"34":1},"f":{"0":3,"1":1,"2":0,"3":0,"4":0,"5":0,"6":0,"7":0},"b":{"0":[1,1],"1":[0],"2":[0,0],"3":[0],"4":[0,0],"5":[0],"6":[1],"7":[1]}}
,"C:\\Users\\USER\\Desktop\\DevStudio\\phynnex-dev-studio\\src\\components\\Footer.tsx": {"path":"C:\\Users\\USER\\Desktop\\DevStudio\\phynnex-dev-studio\\src\\components\\Footer.tsx","statementMap":{"0":{"start":{"line":96,"column":0},"end":{"line":96,"column":15}},"1":{"start":{"line":2,"column":18},"end":{"line":2,"column":null}},"2":{"start":{"line":3,"column":17},"end":{"line":3,"column":null}},"3":{"start":{"line":6,"column":15},"end":{"line":94,"column":null}},"4":{"start":{"line":96,"column":15},"end":{"line":96,"column":null}}},"fnMap":{"0":{"name":"(anonymous_2)","decl":{"start":{"line":6,"column":15},"end":{"line":6,"column":16}},"loc":{"start":{"line":6,"column":31},"end":{"line":94,"column":null}}}},"branchMap":{},"s":{"0":1,"1":1,"2":1,"3":1,"4":1},"f":{"0":1},"b":{}}
,"C:\\Users\\USER\\Desktop\\DevStudio\\phynnex-dev-studio\\src\\components\\Hero.tsx": {"path":"C:\\Users\\USER\\Desktop\\DevStudio\\phynnex-dev-studio\\src\\components\\Hero.tsx","statementMap":{"0":{"start":{"line":178,"column":0},"end":{"line":178,"column":15}},"1":{"start":{"line":1,"column":41},"end":{"line":1,"column":null}},"2":{"start":{"line":2,"column":17},"end":{"line":2,"column":null}},"3":{"start":{"line":3,"column":18},"end":{"line":3,"column":null}},"4":{"start":{"line":4,"column":19},"end":{"line":4,"column":null}},"5":{"start":{"line":6,"column":13},"end":{"line":176,"column":null}},"6":{"start":{"line":7,"column":16},"end":{"line":7,"column":null}},"7":{"start":{"line":8,"column":18},"end":{"line":8,"column":null}},"8":{"start":{"line":11,"column":2},"end":{"line":29,"column":null}},"9":{"start":{"line":12,"column":18},"end":{"line":12,"column":null}},"10":{"start":{"line":14,"column":21},"end":{"line":24,"column":null}},"11":{"start":{"line":15,"column":6},"end":{"line":15,"column":null}},"12":{"start":{"line":15,"column":19},"end":{"line":15,"column":null}},"13":{"start":{"line":16,"column":6},"end":{"line":16,"column":null}},"14":{"start":{"line":18,"column":6},"end":{"line":23,"column":null}},"15":{"start":{"line":19,"column":18},"end":{"line":19,"column":null}},"16":{"start":{"line":20,"column":8},"end":{"line":20,"column":null}},"17":{"start":{"line":20,"column":27},"end":{"line":20,"column":null}},"18":{"start":{"line":21,"column":8},"end":{"line":21,"column":null}},"19":{"start":{"line":21,"column":29},"end":{"line":21,"column":null}},"20":{"start":{"line":22,"column":8},"end":{"line":22,"column":null}},"21":{"start":{"line":26,"column":4},"end":{"line":26,"column":null}},"22":{"start":{"line":27,"column":4},"end":{"line":27,"column":null}},"23":{"start":{"line":28,"column":4},"end":{"line":28,"column":null}},"24":{"start":{"line":28,"column":17},"end":{"line":28,"column":null}},"25":{"start":{"line":178,"column":15},"end":{"line":178,"column":null}}},"fnMap":{"0":{"name":"(anonymous_5)","decl":{"start":{"line":6,"column":13},"end":{"line":6,"column":null}},"loc":{"start":{"line":6,"column":13},"end":{"line":176,"column":null}}},"1":{"name":"(anonymous_6)","decl":{"start":{"line":11,"column":12},"end":{"line":11,"column":null}},"loc":{"start":{"line":11,"column":12},"end":{"line":29,"column":5}}},"2":{"name":"(anonymous_7)","decl":{"start":{"line":14,"column":21},"end":{"line":14,"column":null}},"loc":{"start":{"line":14,"column":21},"end":{"line":24,"column":null}}},"3":{"name":"(anonymous_8)","decl":{"start":{"line":18,"column":28},"end":{"line":18,"column":null}},"loc":{"start":{"line":18,"column":28},"end":{"line":23,"column":null}}},"4":{"name":"(anonymous_9)","decl":{"start":{"line":28,"column":11},"end":{"line":28,"column":17}},"loc":{"start":{"line":28,"column":17},"end":{"line":28,"column":null}}}},"branchMap":{"0":{"loc":{"start":{"line":15,"column":6},"end":{"line":15,"column":null}},"type":"if","locations":[{"start":{"line":15,"column":6},"end":{"line":15,"column":null}}]},"1":{"loc":{"start":{"line":19,"column":18},"end":{"line":19,"column":null}},"type":"binary-expr","locations":[{"start":{"line":19,"column":18},"end":{"line":19,"column":32}},{"start":{"line":19,"column":36},"end":{"line":19,"column":null}}]},"2":{"loc":{"start":{"line":20,"column":8},"end":{"line":20,"column":null}},"type":"if","locations":[{"start":{"line":20,"column":8},"end":{"line":20,"column":null}}]},"3":{"loc":{"start":{"line":21,"column":8},"end":{"line":21,"column":null}},"type":"if","locations":[{"start":{"line":21,"column":8},"end":{"line":21,"column":null}}]}},"s":{"0":1,"1":1,"2":1,"3":1,"4":1,"5":1,"6":1,"7":1,"8":1,"9":1,"10":1,"11":1,"12":0,"13":1,"14":1,"15":0,"16":0,"17":0,"18":0,"19":0,"20":0,"21":1,"22":1,"23":1,"24":1,"25":1},"f":{"0":1,"1":1,"2":1,"3":0,"4":1},"b":{"0":[0],"1":[0,0],"2":[0],"3":[0]}}
,"C:\\Users\\USER\\Desktop\\DevStudio\\phynnex-dev-studio\\src\\components\\Navbar.tsx": {"path":"C:\\Users\\USER\\Desktop\\DevStudio\\phynnex-dev-studio\\src\\components\\Navbar.tsx","statementMap":{"0":{"start":{"line":348,"column":0},"end":{"line":348,"column":15}},"1":{"start":{"line":1,"column":51},"end":{"line":1,"column":null}},"2":{"start":{"line":2,"column":17},"end":{"line":2,"column":null}},"3":{"start":{"line":3,"column":18},"end":{"line":3,"column":null}},"4":{"start":{"line":4,"column":26},"end":{"line":4,"column":null}},"5":{"start":{"line":5,"column":17},"end":{"line":5,"column":null}},"6":{"start":{"line":6,"column":21},"end":{"line":6,"column":null}},"7":{"start":{"line":10,"column":15},"end":{"line":346,"column":null}},"8":{"start":{"line":11,"column":30},"end":{"line":11,"column":null}},"9":{"start":{"line":12,"column":46},"end":{"line":12,"column":null}},"10":{"start":{"line":13,"column":38},"end":{"line":13,"column":null}},"11":{"start":{"line":14,"column":22},"end":{"line":14,"column":null}},"12":{"start":{"line":15,"column":17},"end":{"line":15,"column":null}},"13":{"start":{"line":16,"column":31},"end":{"line":16,"column":null}},"14":{"start":{"line":19,"column":2},"end":{"line":26,"column":null}},"15":{"start":{"line":20,"column":25},"end":{"line":22,"column":null}},"16":{"start":{"line":21,"column":6},"end":{"line":21,"column":null}},"17":{"start":{"line":24,"column":4},"end":{"line":24,"column":null}},"18":{"start":{"line":25,"column":4},"end":{"line":25,"column":null}},"19":{"start":{"line":25,"column":17},"end":{"line":25,"column":null}},"20":{"start":{"line":29,"column":2},"end":{"line":38,"column":null}},"21":{"start":{"line":30,"column":31},"end":{"line":34,"column":null}},"22":{"start":{"line":31,"column":6},"end":{"line":33,"column":null}},"23":{"start":{"line":32,"column":8},"end":{"line":32,"column":null}},"24":{"start":{"line":36,"column":4},"end":{"line":36,"column":null}},"25":{"start":{"line":37,"column":4},"end":{"line":37,"column":null}},"26":{"start":{"line":37,"column":17},"end":{"line":37,"column":null}},"27":{"start":{"line":41,"column":2},"end":{"line":49,"column":null}},"28":{"start":{"line":42,"column":30},"end":{"line":45,"column":null}},"29":{"start":{"line":43,"column":6},"end":{"line":43,"column":null}},"30":{"start":{"line":44,"column":6},"end":{"line":44,"column":null}},"31":{"start":{"line":47,"column":4},"end":{"line":47,"column":null}},"32":{"start":{"line":48,"column":4},"end":{"line":48,"column":null}},"33":{"start":{"line":48,"column":17},"end":{"line":48,"column":null}},"34":{"start":{"line":51,"column":24},"end":{"line":51,"column":null}},"35":{"start":{"line":51,"column":42},"end":{"line":51,"column":null}},"36":{"start":{"line":53,"column":19},"end":{"line":57,"column":null}},"37":{"start":{"line":59,"column":24},"end":{"line":63,"column":null}},"38":{"start":{"line":98,"column":14},"end":{"line":99,"column":null}},"39":{"start":{"line":122,"column":31},"end":{"line":122,"column":null}},"40":{"start":{"line":162,"column":18},"end":{"line":163,"column":null}},"41":{"start":{"line":176,"column":35},"end":{"line":176,"column":null}},"42":{"start":{"line":244,"column":29},"end":{"line":244,"column":null}},"43":{"start":{"line":270,"column":16},"end":{"line":271,"column":null}},"44":{"start":{"line":282,"column":33},"end":{"line":282,"column":null}},"45":{"start":{"line":294,"column":18},"end":{"line":295,"column":null}},"46":{"start":{"line":306,"column":35},"end":{"line":306,"column":null}},"47":{"start":{"line":323,"column":33},"end":{"line":323,"column":null}},"48":{"start":{"line":335,"column":33},"end":{"line":335,"column":null}},"49":{"start":{"line":348,"column":15},"end":{"line":348,"column":null}}},"fnMap":{"0":{"name":"(anonymous_5)","decl":{"start":{"line":10,"column":15},"end":{"line":10,"column":16}},"loc":{"start":{"line":10,"column":31},"end":{"line":346,"column":null}}},"1":{"name":"(anonymous_6)","decl":{"start":{"line":19,"column":12},"end":{"line":19,"column":null}},"loc":{"start":{"line":19,"column":12},"end":{"line":26,"column":5}}},"2":{"name":"(anonymous_7)","decl":{"start":{"line":20,"column":25},"end":{"line":20,"column":null}},"loc":{"start":{"line":20,"column":25},"end":{"line":22,"column":null}}},"3":{"name":"(anonymous_8)","decl":{"start":{"line":25,"column":11},"end":{"line":25,"column":17}},"loc":{"start":{"line":25,"column":17},"end":{"line":25,"column":null}}},"4":{"name":"(anonymous_9)","decl":{"start":{"line":29,"column":12},"end":{"line":29,"column":null}},"loc":{"start":{"line":29,"column":12},"end":{"line":38,"column":5}}},"5":{"name":"(anonymous_10)","decl":{"start":{"line":30,"column":31},"end":{"line":30,"column":32}},"loc":{"start":{"line":30,"column":32},"end":{"line":34,"column":null}}},"6":{"name":"(anonymous_11)","decl":{"start":{"line":37,"column":11},"end":{"line":37,"column":17}},"loc":{"start":{"line":37,"column":17},"end":{"line":37,"column":null}}},"7":{"name":"(anonymous_12)","decl":{"start":{"line":41,"column":12},"end":{"line":41,"column":null}},"loc":{"start":{"line":41,"column":12},"end":{"line":49,"column":5}}},"8":{"name":"(anonymous_13)","decl":{"start":{"line":42,"column":30},"end":{"line":42,"column":null}},"loc":{"start":{"line":42,"column":30},"end":{"line":45,"column":null}}},"9":{"name":"(anonymous_14)","decl":{"start":{"line":48,"column":11},"end":{"line":48,"column":17}},"loc":{"start":{"line":48,"column":17},"end":{"line":48,"column":null}}},"10":{"name":"(anonymous_15)","decl":{"start":{"line":51,"column":24},"end":{"line":51,"column":25}},"loc":{"start":{"line":51,"column":42},"end":{"line":51,"column":null}}},"11":{"name":"(anonymous_16)","decl":{"start":{"line":97,"column":26},"end":{"line":97,"column":27}},"loc":{"start":{"line":98,"column":14},"end":{"line":99,"column":null}}},"12":{"name":"(anonymous_17)","decl":{"start":{"line":122,"column":25},"end":{"line":122,"column":31}},"loc":{"start":{"line":122,"column":31},"end":{"line":122,"column":null}}},"13":{"name":"(anonymous_18)","decl":{"start":{"line":161,"column":35},"end":{"line":161,"column":36}},"loc":{"start":{"line":162,"column":18},"end":{"line":163,"column":null}}},"14":{"name":"(anonymous_19)","decl":{"start":{"line":176,"column":29},"end":{"line":176,"column":35}},"loc":{"start":{"line":176,"column":35},"end":{"line":176,"column":null}}},"15":{"name":"(anonymous_20)","decl":{"start":{"line":244,"column":23},"end":{"line":244,"column":29}},"loc":{"start":{"line":244,"column":29},"end":{"line":244,"column":null}}},"16":{"name":"(anonymous_21)","decl":{"start":{"line":269,"column":28},"end":{"line":269,"column":29}},"loc":{"start":{"line":270,"column":16},"end":{"line":271,"column":null}}},"17":{"name":"(anonymous_22)","decl":{"start":{"line":282,"column":27},"end":{"line":282,"column":33}},"loc":{"start":{"line":282,"column":33},"end":{"line":282,"column":null}}},"18":{"name":"(anonymous_23)","decl":{"start":{"line":293,"column":35},"end":{"line":293,"column":36}},"loc":{"start":{"line":294,"column":18},"end":{"line":295,"column":null}}},"19":{"name":"(anonymous_24)","decl":{"start":{"line":306,"column":29},"end":{"line":306,"column":35}},"loc":{"start":{"line":306,"column":35},"end":{"line":306,"column":null}}},"20":{"name":"(anonymous_25)","decl":{"start":{"line":323,"column":27},"end":{"line":323,"column":33}},"loc":{"start":{"line":323,"column":33},"end":{"line":323,"column":null}}},"21":{"name":"(anonymous_26)","decl":{"start":{"line":335,"column":27},"end":{"line":335,"column":33}},"loc":{"start":{"line":335,"column":33},"end":{"line":335,"column":null}}}},"branchMap":{"0":{"loc":{"start":{"line":31,"column":6},"end":{"line":33,"column":null}},"type":"if","locations":[{"start":{"line":31,"column":6},"end":{"line":33,"column":null}}]},"1":{"loc":{"start":{"line":31,"column":10},"end":{"line":31,"column":86}},"type":"binary-expr","locations":[{"start":{"line":31,"column":10},"end":{"line":31,"column":29}},{"start":{"line":31,"column":33},"end":{"line":31,"column":86}}]},"2":{"loc":{"start":{"line":70,"column":10},"end":{"line":72,"column":null}},"type":"cond-expr","locations":[{"start":{"line":71,"column":14},"end":{"line":71,"column":null}},{"start":{"line":72,"column":14},"end":{"line":72,"column":null}}]},"3":{"loc":{"start":{"line":105,"column":20},"end":{"line":107,"column":null}},"type":"cond-expr","locations":[{"start":{"line":106,"column":24},"end":{"line":106,"column":null}},{"start":{"line":107,"column":24},"end":{"line":107,"column":null}}]},"4":{"loc":{"start":{"line":112,"column":20},"end":{"line":112,"column":67}},"type":"cond-expr","locations":[{"start":{"line":112,"column":47},"end":{"line":112,"column":64}},{"start":{"line":112,"column":64},"end":{"line":112,"column":67}}]},"5":{"loc":{"start":{"line":126,"column":20},"end":{"line":126,"column":64}},"type":"cond-expr","locations":[{"start":{"line":126,"column":37},"end":{"line":126,"column":61}},{"start":{"line":126,"column":61},"end":{"line":126,"column":64}}]},"6":{"loc":{"start":{"line":132,"column":20},"end":{"line":132,"column":null}},"type":"cond-expr","locations":[{"start":{"line":132,"column":37},"end":{"line":132,"column":52}},{"start":{"line":132,"column":52},"end":{"line":132,"column":null}}]},"7":{"loc":{"start":{"line":155,"column":20},"end":{"line":157,"column":null}},"type":"cond-expr","locations":[{"start":{"line":156,"column":24},"end":{"line":156,"column":null}},{"start":{"line":157,"column":24},"end":{"line":157,"column":null}}]},"8":{"loc":{"start":{"line":170,"column":24},"end":{"line":172,"column":null}},"type":"cond-expr","locations":[{"start":{"line":171,"column":28},"end":{"line":171,"column":null}},{"start":{"line":172,"column":28},"end":{"line":172,"column":null}}]},"9":{"loc":{"start":{"line":174,"column":24},"end":{"line":174,"column":92}},"type":"cond-expr","locations":[{"start":{"line":174,"column":61},"end":{"line":174,"column":89}},{"start":{"line":174,"column":89},"end":{"line":174,"column":92}}]},"10":{"loc":{"start":{"line":193,"column":16},"end":{"line":202,"column":17}},"type":"cond-expr","locations":[{"start":{"line":193,"column":16},"end":{"line":202,"column":17}}]},"11":{"loc":{"start":{"line":253,"column":21},"end":{"line":253,"column":null}},"type":"cond-expr","locations":[{"start":{"line":253,"column":30},"end":{"line":253,"column":55}},{"start":{"line":253,"column":55},"end":{"line":253,"column":null}}]},"12":{"loc":{"start":{"line":264,"column":14},"end":{"line":264,"column":68}},"type":"cond-expr","locations":[{"start":{"line":264,"column":23},"end":{"line":264,"column":48}},{"start":{"line":264,"column":48},"end":{"line":264,"column":68}}]},"13":{"loc":{"start":{"line":277,"column":22},"end":{"line":279,"column":null}},"type":"cond-expr","locations":[{"start":{"line":278,"column":26},"end":{"line":278,"column":null}},{"start":{"line":279,"column":26},"end":{"line":279,"column":null}}]},"14":{"loc":{"start":{"line":301,"column":24},"end":{"line":303,"column":null}},"type":"cond-expr","locations":[{"start":{"line":302,"column":28},"end":{"line":302,"column":null}},{"start":{"line":303,"column":28},"end":{"line":303,"column":null}}]}},"s":{"0":2,"1":1,"2":1,"3":1,"4":1,"5":1,"6":1,"7":1,"8":2,"9":2,"10":2,"11":2,"12":2,"13":2,"14":2,"15":2,"16":0,"17":2,"18":2,"19":2,"20":2,"21":2,"22":0,"23":0,"24":2,"25":2,"26":2,"27":2,"28":2,"29":0,"30":0,"31":2,"32":2,"33":2,"34":2,"35":30,"36":2,"37":2,"38":6,"39":0,"40":6,"41":0,"42":0,"43":6,"44":0,"45":6,"46":0,"47":0,"48":0,"49":1},"f":{"0":2,"1":2,"2":0,"3":2,"4":2,"5":0,"6":2,"7":2,"8":0,"9":2,"10":30,"11":6,"12":0,"13":6,"14":0,"15":0,"16":6,"17":0,"18":6,"19":0,"20":0,"21":0},"b":{"0":[0],"1":[0,0],"2":[0,2],"3":[2,4],"4":[2,4],"5":[0,2],"6":[0,2],"7":[0,2],"8":[0,6],"9":[4,2],"10":[0],"11":[0,2],"12":[0,2],"13":[2,4],"14":[0,6]}}
,"C:\\Users\\USER\\Desktop\\DevStudio\\phynnex-dev-studio\\src\\components\\Process.tsx": {"path":"C:\\Users\\USER\\Desktop\\DevStudio\\phynnex-dev-studio\\src\\components\\Process.tsx","statementMap":{"0":{"start":{"line":352,"column":0},"end":{"line":352,"column":15}},"1":{"start":{"line":1,"column":18},"end":{"line":1,"column":null}},"2":{"start":{"line":2,"column":17},"end":{"line":2,"column":null}},"3":{"start":{"line":12,"column":20},"end":{"line":104,"column":null}},"4":{"start":{"line":108,"column":16},"end":{"line":350,"column":null}},"5":{"start":{"line":109,"column":23},"end":{"line":146,"column":null}},"6":{"start":{"line":208,"column":12},"end":{"line":209,"column":null}},"7":{"start":{"line":227,"column":16},"end":{"line":227,"column":49}},"8":{"start":{"line":352,"column":15},"end":{"line":352,"column":null}}},"fnMap":{"0":{"name":"(anonymous_2)","decl":{"start":{"line":12,"column":20},"end":{"line":12,"column":21}},"loc":{"start":{"line":12,"column":84},"end":{"line":104,"column":null}}},"1":{"name":"(anonymous_3)","decl":{"start":{"line":108,"column":16},"end":{"line":108,"column":17}},"loc":{"start":{"line":108,"column":33},"end":{"line":350,"column":null}}},"2":{"name":"(anonymous_4)","decl":{"start":{"line":207,"column":28},"end":{"line":207,"column":29}},"loc":{"start":{"line":208,"column":12},"end":{"line":209,"column":null}}},"3":{"name":"(anonymous_5)","decl":{"start":{"line":226,"column":32},"end":{"line":226,"column":33}},"loc":{"start":{"line":227,"column":16},"end":{"line":227,"column":49}}}},"branchMap":{"0":{"loc":{"start":{"line":23,"column":10},"end":{"line":23,"column":43}},"type":"cond-expr","locations":[{"start":{"line":23,"column":19},"end":{"line":23,"column":40}},{"start":{"line":23,"column":40},"end":{"line":23,"column":43}}]},"1":{"loc":{"start":{"line":40,"column":10},"end":{"line":40,"column":207}},"type":"cond-expr","locations":[{"start":{"line":40,"column":27},"end":{"line":40,"column":38}},{"start":{"line":40,"column":38},"end":{"line":40,"column":207}}]},"2":{"loc":{"start":{"line":40,"column":38},"end":{"line":40,"column":207}},"type":"cond-expr","locations":[{"start":{"line":40,"column":55},"end":{"line":40,"column":69}},{"start":{"line":40,"column":69},"end":{"line":40,"column":207}}]},"3":{"loc":{"start":{"line":40,"column":69},"end":{"line":40,"column":207}},"type":"cond-expr","locations":[{"start":{"line":40,"column":86},"end":{"line":40,"column":101}},{"start":{"line":40,"column":101},"end":{"line":40,"column":207}}]},"4":{"loc":{"start":{"line":40,"column":101},"end":{"line":40,"column":207}},"type":"cond-expr","locations":[{"start":{"line":40,"column":118},"end":{"line":40,"column":132}},{"start":{"line":40,"column":132},"end":{"line":40,"column":207}}]},"5":{"loc":{"start":{"line":40,"column":132},"end":{"line":40,"column":207}},"type":"cond-expr","locations":[{"start":{"line":40,"column":149},"end":{"line":40,"column":164}},{"start":{"line":40,"column":164},"end":{"line":40,"column":207}}]},"6":{"loc":{"start":{"line":40,"column":164},"end":{"line":40,"column":207}},"type":"cond-expr","locations":[{"start":{"line":40,"column":181},"end":{"line":40,"column":195}},{"start":{"line":40,"column":195},"end":{"line":40,"column":207}}]},"7":{"loc":{"start":{"line":231,"column":22},"end":{"line":231,"column":86}},"type":"cond-expr","locations":[{"start":{"line":231,"column":36},"end":{"line":231,"column":72}},{"start":{"line":231,"column":72},"end":{"line":231,"column":86}}]}},"s":{"0":1,"1":1,"2":1,"3":1,"4":1,"5":1,"6":6,"7":6,"8":1},"f":{"0":6,"1":1,"2":6,"3":6},"b":{"0":[3,3],"1":[1,5],"2":[1,4],"3":[1,3],"4":[1,2],"5":[1,1],"6":[1,0],"7":[1,5]}}
,"C:\\Users\\USER\\Desktop\\DevStudio\\phynnex-dev-studio\\src\\components\\Services.tsx": {"path":"C:\\Users\\USER\\Desktop\\DevStudio\\phynnex-dev-studio\\src\\components\\Services.tsx","statementMap":{"0":{"start":{"line":336,"column":0},"end":{"line":336,"column":15}},"1":{"start":{"line":1,"column":18},"end":{"line":1,"column":null}},"2":{"start":{"line":10,"column":20},"end":{"line":103,"column":null}},"3":{"start":{"line":107,"column":17},"end":{"line":334,"column":null}},"4":{"start":{"line":336,"column":15},"end":{"line":336,"column":null}}},"fnMap":{"0":{"name":"(anonymous_2)","decl":{"start":{"line":10,"column":20},"end":{"line":10,"column":21}},"loc":{"start":{"line":10,"column":74},"end":{"line":103,"column":null}}},"1":{"name":"(anonymous_3)","decl":{"start":{"line":107,"column":17},"end":{"line":107,"column":18}},"loc":{"start":{"line":107,"column":35},"end":{"line":334,"column":null}}}},"branchMap":{},"s":{"0":1,"1":1,"2":1,"3":1,"4":1},"f":{"0":6,"1":1},"b":{}}
,"C:\\Users\\USER\\Desktop\\DevStudio\\phynnex-dev-studio\\src\\components\\Team.tsx": {"path":"C:\\Users\\USER\\Desktop\\DevStudio\\phynnex-dev-studio\\src\\components\\Team.tsx","statementMap":{"0":{"start":{"line":290,"column":0},"end":{"line":290,"column":15}},"1":{"start":{"line":1,"column":18},"end":{"line":1,"column":null}},"2":{"start":{"line":2,"column":18},"end":{"line":2,"column":null}},"3":{"start":{"line":3,"column":84},"end":{"line":3,"column":null}},"4":{"start":{"line":22,"column":19},"end":{"line":155,"column":null}},"5":{"start":{"line":98,"column":14},"end":{"line":99,"column":null}},"6":{"start":{"line":159,"column":13},"end":{"line":288,"column":null}},"7":{"start":{"line":160,"column":22},"end":{"line":208,"column":null}},"8":{"start":{"line":255,"column":12},"end":{"line":255,"column":37}},"9":{"start":{"line":268,"column":14},"end":{"line":269,"column":null}},"10":{"start":{"line":290,"column":15},"end":{"line":290,"column":null}}},"fnMap":{"0":{"name":"(anonymous_2)","decl":{"start":{"line":22,"column":19},"end":{"line":22,"column":20}},"loc":{"start":{"line":32,"column":18},"end":{"line":155,"column":null}}},"1":{"name":"(anonymous_3)","decl":{"start":{"line":97,"column":29},"end":{"line":97,"column":30}},"loc":{"start":{"line":98,"column":14},"end":{"line":99,"column":null}}},"2":{"name":"(anonymous_4)","decl":{"start":{"line":159,"column":13},"end":{"line":159,"column":14}},"loc":{"start":{"line":159,"column":27},"end":{"line":288,"column":null}}},"3":{"name":"(anonymous_5)","decl":{"start":{"line":254,"column":27},"end":{"line":254,"column":28}},"loc":{"start":{"line":255,"column":12},"end":{"line":255,"column":37}}},"4":{"name":"(anonymous_6)","decl":{"start":{"line":267,"column":18},"end":{"line":267,"column":19}},"loc":{"start":{"line":268,"column":14},"end":{"line":269,"column":null}}}},"branchMap":{"0":{"loc":{"start":{"line":110,"column":11},"end":{"line":110,"column":24}},"type":"binary-expr","locations":[{"start":{"line":110,"column":11},"end":{"line":110,"column":24}}]},"1":{"loc":{"start":{"line":120,"column":11},"end":{"line":120,"column":26}},"type":"binary-expr","locations":[{"start":{"line":120,"column":11},"end":{"line":120,"column":26}}]},"2":{"loc":{"start":{"line":130,"column":11},"end":{"line":130,"column":25}},"type":"binary-expr","locations":[{"start":{"line":130,"column":11},"end":{"line":130,"column":25}}]},"3":{"loc":{"start":{"line":140,"column":11},"end":{"line":140,"column":23}},"type":"binary-expr","locations":[{"start":{"line":140,"column":11},"end":{"line":140,"column":23}}]}},"s":{"0":1,"1":1,"2":1,"3":1,"4":1,"5":12,"6":1,"7":1,"8":3,"9":4,"10":1},"f":{"0":3,"1":12,"2":1,"3":3,"4":4},"b":{"0":[3],"1":[3],"2":[3],"3":[3]}}
,"C:\\Users\\USER\\Desktop\\DevStudio\\phynnex-dev-studio\\src\\config\\contact.ts": {"path":"C:\\Users\\USER\\Desktop\\DevStudio\\phynnex-dev-studio\\src\\config\\contact.ts","statementMap":{"0":{"start":{"line":3,"column":13},"end":{"line":3,"column":null}},"1":{"start":{"line":5,"column":13},"end":{"line":5,"column":null}},"2":{"start":{"line":2,"column":13},"end":{"line":2,"column":29}},"3":{"start":{"line":1,"column":13},"end":{"line":1,"column":29}},"4":{"start":{"line":1,"column":29},"end":{"line":1,"column":null}},"5":{"start":{"line":2,"column":29},"end":{"line":2,"column":null}},"6":{"start":{"line":4,"column":2},"end":{"line":4,"column":null}},"7":{"start":{"line":6,"column":2},"end":{"line":6,"column":null}}},"fnMap":{},"branchMap":{"0":{"loc":{"start":{"line":1,"column":29},"end":{"line":1,"column":null}},"type":"binary-expr","locations":[{"start":{"line":1,"column":29},"end":{"line":1,"column":66}},{"start":{"line":1,"column":70},"end":{"line":1,"column":null}}]},"1":{"loc":{"start":{"line":2,"column":29},"end":{"line":2,"column":null}},"type":"binary-expr","locations":[{"start":{"line":2,"column":29},"end":{"line":2,"column":66}},{"start":{"line":2,"column":70},"end":{"line":2,"column":null}}]},"2":{"loc":{"start":{"line":4,"column":2},"end":{"line":4,"column":null}},"type":"binary-expr","locations":[{"start":{"line":4,"column":2},"end":{"line":4,"column":47}},{"start":{"line":4,"column":51},"end":{"line":4,"column":null}}]},"3":{"loc":{"start":{"line":6,"column":2},"end":{"line":6,"column":null}},"type":"binary-expr","locations":[{"start":{"line":6,"column":2},"end":{"line":6,"column":47}},{"start":{"line":6,"column":51},"end":{"line":6,"column":null}}]}},"s":{"0":1,"1":1,"2":1,"3":1,"4":1,"5":1,"6":1,"7":1},"f":{},"b":{"0":[1,1],"1":[1,1],"2":[1,1],"3":[1,1]}}
,"C:\\Users\\USER\\Desktop\\DevStudio\\phynnex-dev-studio\\src\\hooks\\useTheme.ts": {"path":"C:\\Users\\USER\\Desktop\\DevStudio\\phynnex-dev-studio\\src\\hooks\\useTheme.ts","statementMap":{"0":{"start":{"line":36,"column":0},"end":{"line":36,"column":15}},"1":{"start":{"line":1,"column":36},"end":{"line":1,"column":null}},"2":{"start":{"line":10,"column":17},"end":{"line":34,"column":null}},"3":{"start":{"line":11,"column":28},"end":{"line":11,"column":null}},"4":{"start":{"line":13,"column":2},"end":{"line":22,"column":null}},"5":{"start":{"line":14,"column":4},"end":{"line":14,"column":null}},"6":{"start":{"line":14,"column":39},"end":{"line":14,"column":null}},"7":{"start":{"line":15,"column":19},"end":{"line":15,"column":null}},"8":{"start":{"line":16,"column":24},"end":{"line":18,"column":null}},"9":{"start":{"line":19,"column":20},"end":{"line":19,"column":null}},"10":{"start":{"line":20,"column":4},"end":{"line":20,"column":null}},"11":{"start":{"line":21,"column":4},"end":{"line":21,"column":null}},"12":{"start":{"line":24,"column":22},"end":{"line":31,"column":null}},"13":{"start":{"line":25,"column":29},"end":{"line":25,"column":null}},"14":{"start":{"line":26,"column":4},"end":{"line":26,"column":null}},"15":{"start":{"line":27,"column":4},"end":{"line":30,"column":null}},"16":{"start":{"line":28,"column":6},"end":{"line":28,"column":null}},"17":{"start":{"line":29,"column":6},"end":{"line":29,"column":null}},"18":{"start":{"line":33,"column":2},"end":{"line":33,"column":null}},"19":{"start":{"line":36,"column":15},"end":{"line":36,"column":null}}},"fnMap":{"0":{"name":"(anonymous_1)","decl":{"start":{"line":10,"column":17},"end":{"line":10,"column":null}},"loc":{"start":{"line":10,"column":17},"end":{"line":34,"column":null}}},"1":{"name":"(anonymous_2)","decl":{"start":{"line":13,"column":12},"end":{"line":13,"column":null}},"loc":{"start":{"line":13,"column":12},"end":{"line":22,"column":5}}},"2":{"name":"(anonymous_3)","decl":{"start":{"line":24,"column":22},"end":{"line":24,"column":null}},"loc":{"start":{"line":24,"column":22},"end":{"line":31,"column":null}}}},"branchMap":{"0":{"loc":{"start":{"line":14,"column":4},"end":{"line":14,"column":null}},"type":"if","locations":[{"start":{"line":14,"column":4},"end":{"line":14,"column":null}}]},"1":{"loc":{"start":{"line":16,"column":24},"end":{"line":18,"column":null}},"type":"cond-expr","locations":[{"start":{"line":17,"column":8},"end":{"line":17,"column":65}},{"start":{"line":18,"column":8},"end":{"line":18,"column":null}}]},"2":{"loc":{"start":{"line":19,"column":20},"end":{"line":19,"column":null}},"type":"binary-expr","locations":[{"start":{"line":19,"column":20},"end":{"line":19,"column":31}},{"start":{"line":19,"column":31},"end":{"line":19,"column":60}}]},"3":{"loc":{"start":{"line":19,"column":31},"end":{"line":19,"column":60}},"type":"cond-expr","locations":[{"start":{"line":19,"column":45},"end":{"line":19,"column":54}},{"start":{"line":19,"column":54},"end":{"line":19,"column":60}}]},"4":{"loc":{"start":{"line":25,"column":29},"end":{"line":25,"column":null}},"type":"cond-expr","locations":[{"start":{"line":25,"column":49},"end":{"line":25,"column":58}},{"start":{"line":25,"column":58},"end":{"line":25,"column":null}}]},"5":{"loc":{"start":{"line":27,"column":4},"end":{"line":30,"column":null}},"type":"if","locations":[{"start":{"line":27,"column":4},"end":{"line":30,"column":null}}]}},"s":{"0":2,"1":1,"2":1,"3":2,"4":2,"5":2,"6":0,"7":2,"8":2,"9":2,"10":2,"11":2,"12":2,"13":0,"14":0,"15":0,"16":0,"17":0,"18":2,"19":1},"f":{"0":2,"1":2,"2":0},"b":{"0":[0],"1":[0,2],"2":[2,2],"3":[0,2],"4":[0,0],"5":[0]}}
,"C:\\Users\\USER\\Desktop\\DevStudio\\phynnex-dev-studio\\src\\pages\\api\\contact.ts": {"path":"C:\\Users\\USER\\Desktop\\DevStudio\\phynnex-dev-studio\\src\\pages\\api\\contact.ts","statementMap":{"0":{"start":{"line":36,"column":30},"end":{"line":36,"column":38}},"1":{"start":{"line":2,"column":23},"end":{"line":2,"column":null}},"2":{"start":{"line":4,"column":26},"end":{"line":4,"column":null}},"3":{"start":{"line":5,"column":20},"end":{"line":5,"column":null}},"4":{"start":{"line":6,"column":19},"end":{"line":6,"column":null}},"5":{"start":{"line":8,"column":12},"end":{"line":19,"column":null}},"6":{"start":{"line":9,"column":40},"end":{"line":9,"column":null}},"7":{"start":{"line":10,"column":2},"end":{"line":16,"column":null}},"8":{"start":{"line":11,"column":4},"end":{"line":15,"column":null}},"9":{"start":{"line":12,"column":6},"end":{"line":12,"column":null}},"10":{"start":{"line":14,"column":6},"end":{"line":14,"column":null}},"11":{"start":{"line":18,"column":2},"end":{"line":18,"column":null}},"12":{"start":{"line":22,"column":14},"end":{"line":22,"column":null}},"13":{"start":{"line":23,"column":16},"end":{"line":23,"column":null}},"14":{"start":{"line":24,"column":2},"end":{"line":27,"column":null}},"15":{"start":{"line":25,"column":4},"end":{"line":25,"column":null}},"16":{"start":{"line":26,"column":4},"end":{"line":26,"column":null}},"17":{"start":{"line":28,"column":2},"end":{"line":31,"column":null}},"18":{"start":{"line":29,"column":4},"end":{"line":29,"column":null}},"19":{"start":{"line":30,"column":4},"end":{"line":30,"column":null}},"20":{"start":{"line":32,"column":2},"end":{"line":32,"column":null}},"21":{"start":{"line":33,"column":2},"end":{"line":33,"column":null}},"22":{"start":{"line":37,"column":2},"end":{"line":40,"column":null}},"23":{"start":{"line":38,"column":4},"end":{"line":38,"column":null}},"24":{"start":{"line":39,"column":4},"end":{"line":39,"column":null}},"25":{"start":{"line":42,"column":19},"end":{"line":42,"column":null}},"26":{"start":{"line":43,"column":13},"end":{"line":43,"column":null}},"27":{"start":{"line":44,"column":2},"end":{"line":46,"column":null}},"28":{"start":{"line":45,"column":4},"end":{"line":45,"column":null}},"29":{"start":{"line":48,"column":49},"end":{"line":48,"column":null}},"30":{"start":{"line":49,"column":2},"end":{"line":51,"column":null}},"31":{"start":{"line":50,"column":4},"end":{"line":50,"column":null}},"32":{"start":{"line":53,"column":21},"end":{"line":53,"column":null}},"33":{"start":{"line":54,"column":2},"end":{"line":56,"column":null}},"34":{"start":{"line":55,"column":4},"end":{"line":55,"column":null}},"35":{"start":{"line":58,"column":2},"end":{"line":124,"column":null}},"36":{"start":{"line":60,"column":19},"end":{"line":60,"column":47}},"37":{"start":{"line":61,"column":4},"end":{"line":61,"column":null}},"38":{"start":{"line":61,"column":17},"end":{"line":61,"column":null}},"39":{"start":{"line":63,"column":22},"end":{"line":67,"column":null}},"40":{"start":{"line":68,"column":23},"end":{"line":68,"column":null}},"41":{"start":{"line":69,"column":4},"end":{"line":69,"column":53}},"42":{"start":{"line":72,"column":4},"end":{"line":78,"column":null}},"43":{"start":{"line":77,"column":6},"end":{"line":77,"column":null}},"44":{"start":{"line":82,"column":4},"end":{"line":101,"column":null}},"45":{"start":{"line":83,"column":19},"end":{"line":83,"column":null}},"46":{"start":{"line":84,"column":6},"end":{"line":88,"column":null}},"47":{"start":{"line":89,"column":6},"end":{"line":89,"column":null}},"48":{"start":{"line":91,"column":6},"end":{"line":100,"column":null}},"49":{"start":{"line":103,"column":17},"end":{"line":108,"column":null}},"50":{"start":{"line":110,"column":4},"end":{"line":110,"column":null}},"51":{"start":{"line":113,"column":4},"end":{"line":116,"column":null}},"52":{"start":{"line":114,"column":18},"end":{"line":114,"column":null}},"53":{"start":{"line":115,"column":6},"end":{"line":115,"column":null}},"54":{"start":{"line":115,"column":15},"end":{"line":115,"column":null}},"55":{"start":{"line":118,"column":4},"end":{"line":118,"column":null}},"56":{"start":{"line":120,"column":4},"end":{"line":120,"column":null}},"57":{"start":{"line":122,"column":6},"end":{"line":122,"column":null}},"58":{"start":{"line":123,"column":4},"end":{"line":123,"column":null}}},"fnMap":{"0":{"name":"(anonymous_2)","decl":{"start":{"line":8,"column":12},"end":{"line":8,"column":13}},"loc":{"start":{"line":8,"column":89},"end":{"line":19,"column":null}}},"1":{"name":"rateLimited","decl":{"start":{"line":21,"column":9},"end":{"line":21,"column":21}},"loc":{"start":{"line":21,"column":31},"end":{"line":34,"column":null}}},"2":{"name":"handler","decl":{"start":{"line":36,"column":30},"end":{"line":36,"column":38}},"loc":{"start":{"line":36,"column":79},"end":{"line":125,"column":null}}}},"branchMap":{"0":{"loc":{"start":{"line":8,"column":55},"end":{"line":8,"column":89}},"type":"default-arg","locations":[{"start":{"line":8,"column":87},"end":{"line":8,"column":89}}]},"1":{"loc":{"start":{"line":11,"column":4},"end":{"line":15,"column":null}},"type":"if","locations":[{"start":{"line":11,"column":4},"end":{"line":15,"column":null}},{"start":{"line":13,"column":11},"end":{"line":15,"column":null}}]},"2":{"loc":{"start":{"line":24,"column":2},"end":{"line":27,"column":null}},"type":"if","locations":[{"start":{"line":24,"column":2},"end":{"line":27,"column":null}}]},"3":{"loc":{"start":{"line":28,"column":2},"end":{"line":31,"column":null}},"type":"if","locations":[{"start":{"line":28,"column":2},"end":{"line":31,"column":null}}]},"4":{"loc":{"start":{"line":37,"column":2},"end":{"line":40,"column":null}},"type":"if","locations":[{"start":{"line":37,"column":2},"end":{"line":40,"column":null}}]},"5":{"loc":{"start":{"line":42,"column":19},"end":{"line":42,"column":null}},"type":"binary-expr","locations":[{"start":{"line":42,"column":19},"end":{"line":42,"column":52}},{"start":{"line":42,"column":67},"end":{"line":42,"column":null}}]},"6":{"loc":{"start":{"line":43,"column":13},"end":{"line":43,"column":null}},"type":"binary-expr","locations":[{"start":{"line":43,"column":13},"end":{"line":43,"column":47}},{"start":{"line":43,"column":47},"end":{"line":43,"column":76}},{"start":{"line":43,"column":76},"end":{"line":43,"column":null}}]},"7":{"loc":{"start":{"line":44,"column":2},"end":{"line":46,"column":null}},"type":"if","locations":[{"start":{"line":44,"column":2},"end":{"line":46,"column":null}}]},"8":{"loc":{"start":{"line":48,"column":49},"end":{"line":48,"column":null}},"type":"binary-expr","locations":[{"start":{"line":48,"column":49},"end":{"line":48,"column":57}},{"start":{"line":48,"column":61},"end":{"line":48,"column":null}}]},"9":{"loc":{"start":{"line":49,"column":2},"end":{"line":51,"column":null}},"type":"if","locations":[{"start":{"line":49,"column":2},"end":{"line":51,"column":null}}]},"10":{"loc":{"start":{"line":49,"column":6},"end":{"line":49,"column":45}},"type":"binary-expr","locations":[{"start":{"line":49,"column":6},"end":{"line":49,"column":15}},{"start":{"line":49,"column":15},"end":{"line":49,"column":25}},{"start":{"line":49,"column":25},"end":{"line":49,"column":37}},{"start":{"line":49,"column":37},"end":{"line":49,"column":45}}]},"11":{"loc":{"start":{"line":54,"column":2},"end":{"line":56,"column":null}},"type":"if","locations":[{"start":{"line":54,"column":2},"end":{"line":56,"column":null}}]},"12":{"loc":{"start":{"line":61,"column":4},"end":{"line":61,"column":null}},"type":"if","locations":[{"start":{"line":61,"column":4},"end":{"line":61,"column":null}}]},"13":{"loc":{"start":{"line":72,"column":4},"end":{"line":78,"column":null}},"type":"if","locations":[{"start":{"line":72,"column":4},"end":{"line":78,"column":null}}]},"14":{"loc":{"start":{"line":73,"column":6},"end":{"line":75,"column":null}},"type":"binary-expr","locations":[{"start":{"line":73,"column":6},"end":{"line":73,"column":25}},{"start":{"line":74,"column":7},"end":{"line":74,"column":24}},{"start":{"line":74,"column":28},"end":{"line":74,"column":null}},{"start":{"line":75,"column":7},"end":{"line":75,"column":47}},{"start":{"line":75,"column":47},"end":{"line":75,"column":null}}]},"15":{"loc":{"start":{"line":82,"column":4},"end":{"line":101,"column":null}},"type":"if","locations":[{"start":{"line":82,"column":4},"end":{"line":101,"column":null}},{"start":{"line":90,"column":11},"end":{"line":101,"column":null}}]},"16":{"loc":{"start":{"line":82,"column":8},"end":{"line":82,"column":72}},"type":"binary-expr","locations":[{"start":{"line":82,"column":8},"end":{"line":82,"column":49}},{"start":{"line":82,"column":49},"end":{"line":82,"column":72}}]},"17":{"loc":{"start":{"line":93,"column":21},"end":{"line":93,"column":null}},"type":"binary-expr","locations":[{"start":{"line":93,"column":21},"end":{"line":93,"column":43}},{"start":{"line":93,"column":47},"end":{"line":93,"column":null}}]},"18":{"loc":{"start":{"line":107,"column":54},"end":{"line":107,"column":66}},"type":"binary-expr","locations":[{"start":{"line":107,"column":54},"end":{"line":107,"column":63}},{"start":{"line":107,"column":63},"end":{"line":107,"column":66}}]},"19":{"loc":{"start":{"line":113,"column":4},"end":{"line":116,"column":null}},"type":"if","locations":[{"start":{"line":113,"column":4},"end":{"line":116,"column":null}}]},"20":{"loc":{"start":{"line":115,"column":6},"end":{"line":115,"column":null}},"type":"if","locations":[{"start":{"line":115,"column":6},"end":{"line":115,"column":null}}]},"21":{"loc":{"start":{"line":122,"column":6},"end":{"line":122,"column":null}},"type":"cond-expr","locations":[{"start":{"line":122,"column":47},"end":{"line":122,"column":71}},{"start":{"line":122,"column":74},"end":{"line":122,"column":null}}]}},"s":{"0":3,"1":1,"2":1,"3":1,"4":1,"5":1,"6":1,"7":1,"8":1,"9":1,"10":0,"11":1,"12":2,"13":2,"14":2,"15":1,"16":1,"17":1,"18":0,"19":0,"20":1,"21":1,"22":3,"23":1,"24":1,"25":2,"26":2,"27":2,"28":0,"29":2,"30":2,"31":1,"32":1,"33":1,"34":0,"35":1,"36":1,"37":1,"38":1,"39":0,"40":0,"41":0,"42":0,"43":0,"44":0,"45":0,"46":0,"47":0,"48":0,"49":0,"50":0,"51":0,"52":0,"53":0,"54":0,"55":0,"56":1,"57":1,"58":1},"f":{"0":1,"1":2,"2":3},"b":{"0":[0],"1":[1,0],"2":[1],"3":[0],"4":[1],"5":[2,2],"6":[2,2,2],"7":[0],"8":[2,0],"9":[1],"10":[2,1,1,1],"11":[0],"12":[1],"13":[0],"14":[0,0,0,0,0],"15":[0,0],"16":[0,0],"17":[0,0],"18":[0,0],"19":[0],"20":[0],"21":[0,1]}}
}
