TN:
SF:src/components/Contact.tsx
FN:29,(anonymous_5)
FN:70,(anonymous_6)
FN:80,(anonymous_7)
FN:82,(anonymous_8)
FN:85,(anonymous_9)
FN:93,(anonymous_10)
FN:93,(anonymous_11)
FN:102,(anonymous_12)
FNF:8
FNH:2
FNDA:3,(anonymous_5)
FNDA:1,(anonymous_6)
FNDA:0,(anonymous_7)
FNDA:0,(anonymous_8)
FNDA:0,(anonymous_9)
FNDA:0,(anonymous_10)
FNDA:0,(anonymous_11)
FNDA:0,(anonymous_12)
DA:1,1
DA:2,1
DA:14,1
DA:20,1
DA:29,1
DA:70,1
DA:71,1
DA:77,1
DA:78,1
DA:80,1
DA:81,0
DA:82,0
DA:85,1
DA:86,0
DA:87,0
DA:88,0
DA:90,0
DA:91,0
DA:93,0
DA:94,0
DA:96,0
DA:102,0
DA:103,0
DA:105,0
DA:106,0
DA:108,0
DA:109,0
DA:348,1
LF:28
LH:12
BRDA:78,0,0,1
BRDA:78,0,1,1
BRDA:91,1,0,0
BRDA:91,2,0,0
BRDA:91,2,1,0
BRDA:103,3,0,0
BRDA:103,4,0,0
BRDA:103,4,1,0
BRDA:292,5,0,0
BRDA:317,6,0,1
BRDA:323,7,0,1
BRF:11
BRH:4
end_of_record
TN:
SF:src/components/Footer.tsx
FN:6,(anonymous_2)
FNF:1
FNH:1
FNDA:1,(anonymous_2)
DA:2,1
DA:3,1
DA:6,1
DA:96,1
LF:4
LH:4
BRF:0
BRH:0
end_of_record
TN:
SF:src/components/Hero.tsx
FN:6,(anonymous_5)
FN:11,(anonymous_6)
FN:14,(anonymous_7)
FN:18,(anonymous_8)
FN:28,(anonymous_9)
FNF:5
FNH:4
FNDA:1,(anonymous_5)
FNDA:1,(anonymous_6)
FNDA:1,(anonymous_7)
FNDA:0,(anonymous_8)
FNDA:1,(anonymous_9)
DA:1,1
DA:2,1
DA:3,1
DA:4,1
DA:6,1
DA:7,1
DA:8,1
DA:11,1
DA:12,1
DA:14,1
DA:15,1
DA:16,1
DA:18,1
DA:19,0
DA:20,0
DA:21,0
DA:22,0
DA:26,1
DA:27,1
DA:28,1
DA:178,1
LF:21
LH:17
BRDA:15,0,0,0
BRDA:19,1,0,0
BRDA:19,1,1,0
BRDA:20,2,0,0
BRDA:21,3,0,0
BRF:5
BRH:0
end_of_record
TN:
SF:src/components/Navbar.tsx
FN:10,(anonymous_5)
FN:19,(anonymous_6)
FN:20,(anonymous_7)
FN:25,(anonymous_8)
FN:29,(anonymous_9)
FN:30,(anonymous_10)
FN:37,(anonymous_11)
FN:41,(anonymous_12)
FN:42,(anonymous_13)
FN:48,(anonymous_14)
FN:51,(anonymous_15)
FN:97,(anonymous_16)
FN:122,(anonymous_17)
FN:161,(anonymous_18)
FN:176,(anonymous_19)
FN:244,(anonymous_20)
FN:269,(anonymous_21)
FN:282,(anonymous_22)
FN:293,(anonymous_23)
FN:306,(anonymous_24)
FN:323,(anonymous_25)
FN:335,(anonymous_26)
FNF:22
FNH:12
FNDA:2,(anonymous_5)
FNDA:2,(anonymous_6)
FNDA:0,(anonymous_7)
FNDA:2,(anonymous_8)
FNDA:2,(anonymous_9)
FNDA:0,(anonymous_10)
FNDA:2,(anonymous_11)
FNDA:2,(anonymous_12)
FNDA:0,(anonymous_13)
FNDA:2,(anonymous_14)
FNDA:30,(anonymous_15)
FNDA:6,(anonymous_16)
FNDA:0,(anonymous_17)
FNDA:6,(anonymous_18)
FNDA:0,(anonymous_19)
FNDA:0,(anonymous_20)
FNDA:6,(anonymous_21)
FNDA:0,(anonymous_22)
FNDA:6,(anonymous_23)
FNDA:0,(anonymous_24)
FNDA:0,(anonymous_25)
FNDA:0,(anonymous_26)
DA:1,1
DA:2,1
DA:3,1
DA:4,1
DA:5,1
DA:6,1
DA:10,1
DA:11,2
DA:12,2
DA:13,2
DA:14,2
DA:15,2
DA:16,2
DA:19,2
DA:20,2
DA:21,0
DA:24,2
DA:25,2
DA:29,2
DA:30,2
DA:31,0
DA:32,0
DA:36,2
DA:37,2
DA:41,2
DA:42,2
DA:43,0
DA:44,0
DA:47,2
DA:48,2
DA:51,30
DA:53,2
DA:59,2
DA:98,6
DA:122,0
DA:162,6
DA:176,0
DA:244,0
DA:270,6
DA:282,0
DA:294,6
DA:306,0
DA:323,0
DA:335,0
DA:348,2
LF:45
LH:33
BRDA:31,0,0,0
BRDA:31,1,0,0
BRDA:31,1,1,0
BRDA:70,2,0,0
BRDA:70,2,1,2
BRDA:105,3,0,2
BRDA:105,3,1,4
BRDA:112,4,0,2
BRDA:112,4,1,4
BRDA:126,5,0,0
BRDA:126,5,1,2
BRDA:132,6,0,0
BRDA:132,6,1,2
BRDA:155,7,0,0
BRDA:155,7,1,2
BRDA:170,8,0,0
BRDA:170,8,1,6
BRDA:174,9,0,4
BRDA:174,9,1,2
BRDA:193,10,0,0
BRDA:253,11,0,0
BRDA:253,11,1,2
BRDA:264,12,0,0
BRDA:264,12,1,2
BRDA:277,13,0,2
BRDA:277,13,1,4
BRDA:301,14,0,0
BRDA:301,14,1,6
BRF:28
BRH:16
end_of_record
TN:
SF:src/components/Process.tsx
FN:12,(anonymous_2)
FN:108,(anonymous_3)
FN:207,(anonymous_4)
FN:226,(anonymous_5)
FNF:4
FNH:4
FNDA:6,(anonymous_2)
FNDA:1,(anonymous_3)
FNDA:6,(anonymous_4)
FNDA:6,(anonymous_5)
DA:1,1
DA:2,1
DA:12,1
DA:108,1
DA:109,1
DA:208,6
DA:227,6
DA:352,1
LF:8
LH:8
BRDA:23,0,0,3
BRDA:23,0,1,3
BRDA:40,1,0,1
BRDA:40,1,1,5
BRDA:40,2,0,1
BRDA:40,2,1,4
BRDA:40,3,0,1
BRDA:40,3,1,3
BRDA:40,4,0,1
BRDA:40,4,1,2
BRDA:40,5,0,1
BRDA:40,5,1,1
BRDA:40,6,0,1
BRDA:40,6,1,0
BRDA:231,7,0,1
BRDA:231,7,1,5
BRF:16
BRH:15
end_of_record
TN:
SF:src/components/Services.tsx
FN:10,(anonymous_2)
FN:107,(anonymous_3)
FNF:2
FNH:2
FNDA:6,(anonymous_2)
FNDA:1,(anonymous_3)
DA:1,1
DA:10,1
DA:107,1
DA:336,1
LF:4
LH:4
BRF:0
BRH:0
end_of_record
TN:
SF:src/components/Team.tsx
FN:22,(anonymous_2)
FN:97,(anonymous_3)
FN:159,(anonymous_4)
FN:254,(anonymous_5)
FN:267,(anonymous_6)
FNF:5
FNH:5
FNDA:3,(anonymous_2)
FNDA:12,(anonymous_3)
FNDA:1,(anonymous_4)
FNDA:3,(anonymous_5)
FNDA:4,(anonymous_6)
DA:1,1
DA:2,1
DA:3,1
DA:22,1
DA:98,12
DA:159,1
DA:160,1
DA:255,3
DA:268,4
DA:290,1
LF:10
LH:10
BRDA:110,0,0,3
BRDA:120,1,0,3
BRDA:130,2,0,3
BRDA:140,3,0,3
BRF:4
BRH:4
end_of_record
TN:
SF:src/config/contact.ts
FNF:0
FNH:0
DA:1,1
DA:2,1
DA:3,1
DA:4,1
DA:5,1
DA:6,1
LF:6
LH:6
BRDA:1,0,0,1
BRDA:1,0,1,1
BRDA:2,1,0,1
BRDA:2,1,1,1
BRDA:4,2,0,1
BRDA:4,2,1,1
BRDA:6,3,0,1
BRDA:6,3,1,1
BRF:8
BRH:8
end_of_record
TN:
SF:src/hooks/useTheme.ts
FN:10,(anonymous_1)
FN:13,(anonymous_2)
FN:24,(anonymous_3)
FNF:3
FNH:2
FNDA:2,(anonymous_1)
FNDA:2,(anonymous_2)
FNDA:0,(anonymous_3)
DA:1,1
DA:10,1
DA:11,2
DA:13,2
DA:14,2
DA:15,2
DA:16,2
DA:19,2
DA:20,2
DA:21,2
DA:24,2
DA:25,0
DA:26,0
DA:27,0
DA:28,0
DA:29,0
DA:33,2
DA:36,2
LF:18
LH:13
BRDA:14,0,0,0
BRDA:16,1,0,0
BRDA:16,1,1,2
BRDA:19,2,0,2
BRDA:19,2,1,2
BRDA:19,3,0,0
BRDA:19,3,1,2
BRDA:25,4,0,0
BRDA:25,4,1,0
BRDA:27,5,0,0
BRF:10
BRH:4
end_of_record
TN:
SF:src/pages/api/contact.ts
FN:8,(anonymous_2)
FN:21,rateLimited
FN:36,handler
FNF:3
FNH:3
FNDA:1,(anonymous_2)
FNDA:2,rateLimited
FNDA:3,handler
DA:2,1
DA:4,1
DA:5,1
DA:6,1
DA:8,1
DA:9,1
DA:10,1
DA:11,1
DA:12,1
DA:14,0
DA:18,1
DA:22,2
DA:23,2
DA:24,2
DA:25,1
DA:26,1
DA:28,1
DA:29,0
DA:30,0
DA:32,1
DA:33,1
DA:36,3
DA:37,3
DA:38,1
DA:39,1
DA:42,2
DA:43,2
DA:44,2
DA:45,0
DA:48,2
DA:49,2
DA:50,1
DA:53,1
DA:54,1
DA:55,0
DA:58,1
DA:60,1
DA:61,1
DA:63,0
DA:68,0
DA:69,0
DA:72,0
DA:77,0
DA:82,0
DA:83,0
DA:84,0
DA:89,0
DA:91,0
DA:103,0
DA:110,0
DA:113,0
DA:114,0
DA:115,0
DA:118,0
DA:120,1
DA:122,1
DA:123,1
LF:57
LH:36
BRDA:8,0,0,0
BRDA:11,1,0,1
BRDA:11,1,1,0
BRDA:24,2,0,1
BRDA:28,3,0,0
BRDA:37,4,0,1
BRDA:42,5,0,2
BRDA:42,5,1,2
BRDA:43,6,0,2
BRDA:43,6,1,2
BRDA:43,6,2,2
BRDA:44,7,0,0
BRDA:48,8,0,2
BRDA:48,8,1,0
BRDA:49,9,0,1
BRDA:49,10,0,2
BRDA:49,10,1,1
BRDA:49,10,2,1
BRDA:49,10,3,1
BRDA:54,11,0,0
BRDA:61,12,0,1
BRDA:72,13,0,0
BRDA:73,14,0,0
BRDA:73,14,1,0
BRDA:73,14,2,0
BRDA:73,14,3,0
BRDA:73,14,4,0
BRDA:82,15,0,0
BRDA:82,15,1,0
BRDA:82,16,0,0
BRDA:82,16,1,0
BRDA:93,17,0,0
BRDA:93,17,1,0
BRDA:107,18,0,0
BRDA:107,18,1,0
BRDA:113,19,0,0
BRDA:115,20,0,0
BRDA:122,21,0,0
BRDA:122,21,1,1
BRF:39
BRH:16
end_of_record
