TN:
SF:src\components\Contact.tsx
FN:29,(anonymous_5)
FN:70,(anonymous_6)
FN:80,(anonymous_7)
FN:82,(anonymous_8)
FN:85,(anonymous_9)
FN:93,(anonymous_10)
FN:93,(anonymous_11)
FN:102,(anonymous_12)
FNF:8
FNH:2
FNDA:3,(anonymous_5)
FNDA:1,(anonymous_6)
FNDA:0,(anonymous_7)
FNDA:0,(anonymous_8)
FNDA:0,(anonymous_9)
FNDA:0,(anonymous_10)
FNDA:0,(anonymous_11)
FNDA:0,(anonymous_12)
DA:1,1
DA:2,1
DA:14,1
DA:20,1
DA:29,1
DA:70,1
DA:71,1
DA:77,1
DA:78,1
DA:80,1
DA:81,0
DA:82,0
DA:85,1
DA:86,0
DA:87,0
DA:88,0
DA:90,0
DA:91,0
DA:93,0
DA:94,0
DA:96,0
DA:102,0
DA:103,0
DA:105,0
DA:106,0
DA:108,0
DA:347,1
LF:27
LH:12
BRDA:78,0,0,1
BRDA:78,0,1,1
BRDA:91,1,0,0
BRDA:91,2,0,0
BRDA:91,2,1,0
BRDA:103,3,0,0
BRDA:103,4,0,0
BRDA:103,4,1,0
BRDA:291,5,0,0
BRDA:316,6,0,1
BRDA:322,7,0,1
BRF:11
BRH:4
end_of_record
TN:
SF:src\components\Footer.tsx
FN:7,(anonymous_2)
FNF:1
FNH:1
FNDA:1,(anonymous_2)
DA:2,1
DA:3,1
DA:4,1
DA:7,1
DA:172,1
LF:5
LH:5
BRF:0
BRH:0
end_of_record
TN:
SF:src\components\Hero.tsx
FN:6,(anonymous_5)
FN:11,(anonymous_6)
FN:14,(anonymous_7)
FN:18,(anonymous_8)
FN:28,(anonymous_9)
FNF:5
FNH:4
FNDA:1,(anonymous_5)
FNDA:1,(anonymous_6)
FNDA:1,(anonymous_7)
FNDA:0,(anonymous_8)
FNDA:1,(anonymous_9)
DA:1,1
DA:2,1
DA:3,1
DA:4,1
DA:6,1
DA:7,1
DA:8,1
DA:11,1
DA:12,1
DA:14,1
DA:15,1
DA:16,1
DA:18,1
DA:19,0
DA:20,0
DA:21,0
DA:22,0
DA:26,1
DA:27,1
DA:28,1
DA:184,1
LF:21
LH:17
BRDA:15,0,0,0
BRDA:19,1,0,0
BRDA:19,1,1,0
BRDA:20,2,0,0
BRDA:21,3,0,0
BRF:5
BRH:0
end_of_record
TN:
SF:src\components\Navbar.tsx
FN:9,(anonymous_5)
FN:17,(anonymous_6)
FN:18,(anonymous_7)
FN:23,(anonymous_8)
FN:27,(anonymous_9)
FN:28,(anonymous_10)
FN:35,(anonymous_11)
FN:39,(anonymous_12)
FN:40,(anonymous_13)
FN:46,(anonymous_14)
FN:49,(anonymous_15)
FN:97,(anonymous_16)
FN:122,(anonymous_17)
FN:161,(anonymous_18)
FN:176,(anonymous_19)
FN:218,(anonymous_20)
FN:243,(anonymous_21)
FN:256,(anonymous_22)
FN:267,(anonymous_23)
FN:280,(anonymous_24)
FN:297,(anonymous_25)
FN:309,(anonymous_26)
FNF:22
FNH:12
FNDA:2,(anonymous_5)
FNDA:2,(anonymous_6)
FNDA:0,(anonymous_7)
FNDA:2,(anonymous_8)
FNDA:2,(anonymous_9)
FNDA:0,(anonymous_10)
FNDA:2,(anonymous_11)
FNDA:2,(anonymous_12)
FNDA:0,(anonymous_13)
FNDA:2,(anonymous_14)
FNDA:42,(anonymous_15)
FNDA:10,(anonymous_16)
FNDA:0,(anonymous_17)
FNDA:6,(anonymous_18)
FNDA:0,(anonymous_19)
FNDA:0,(anonymous_20)
FNDA:10,(anonymous_21)
FNDA:0,(anonymous_22)
FNDA:6,(anonymous_23)
FNDA:0,(anonymous_24)
FNDA:0,(anonymous_25)
FNDA:0,(anonymous_26)
DA:1,1
DA:2,1
DA:3,1
DA:4,1
DA:5,1
DA:9,1
DA:10,2
DA:11,2
DA:12,2
DA:13,2
DA:14,2
DA:17,2
DA:18,2
DA:19,0
DA:22,2
DA:23,2
DA:27,2
DA:28,2
DA:29,0
DA:30,0
DA:34,2
DA:35,2
DA:39,2
DA:40,2
DA:41,0
DA:42,0
DA:45,2
DA:46,2
DA:49,42
DA:51,2
DA:59,2
DA:98,10
DA:122,0
DA:162,6
DA:176,0
DA:218,0
DA:244,10
DA:256,0
DA:268,6
DA:280,0
DA:297,0
DA:309,0
DA:322,2
LF:43
LH:31
BRDA:29,0,0,0
BRDA:29,1,0,0
BRDA:29,1,1,0
BRDA:70,2,0,0
BRDA:70,2,1,2
BRDA:105,3,0,0
BRDA:105,3,1,10
BRDA:112,4,0,0
BRDA:112,4,1,10
BRDA:126,5,0,0
BRDA:126,5,1,2
BRDA:132,6,0,0
BRDA:132,6,1,2
BRDA:155,7,0,0
BRDA:155,7,1,2
BRDA:170,8,0,0
BRDA:170,8,1,6
BRDA:174,9,0,4
BRDA:174,9,1,2
BRDA:227,10,0,0
BRDA:227,10,1,2
BRDA:238,11,0,0
BRDA:238,11,1,2
BRDA:251,12,0,0
BRDA:251,12,1,10
BRDA:275,13,0,0
BRDA:275,13,1,6
BRF:27
BRH:13
end_of_record
TN:
SF:src\components\Process.tsx
FN:12,(anonymous_2)
FN:82,(anonymous_3)
FN:155,(anonymous_4)
FN:173,(anonymous_5)
FNF:4
FNH:4
FNDA:3,(anonymous_2)
FNDA:1,(anonymous_3)
FNDA:3,(anonymous_4)
FNDA:3,(anonymous_5)
DA:1,1
DA:2,1
DA:12,1
DA:82,1
DA:83,1
DA:156,3
DA:174,3
DA:292,1
LF:8
LH:8
BRDA:23,0,0,1
BRDA:23,0,1,2
BRDA:31,1,0,1
BRDA:31,1,1,2
BRDA:31,2,0,1
BRDA:31,2,1,1
BRDA:178,3,0,1
BRDA:178,3,1,2
BRF:8
BRH:8
end_of_record
TN:
SF:src\components\Services.tsx
FN:11,(anonymous_2)
FN:108,(anonymous_3)
FNF:2
FNH:2
FNDA:3,(anonymous_2)
FNDA:1,(anonymous_3)
DA:1,1
DA:2,1
DA:11,1
DA:108,1
DA:271,1
LF:5
LH:5
BRF:0
BRH:0
end_of_record
TN:
SF:src\components\Team.tsx
FN:8,(anonymous_2)
FN:100,(anonymous_3)
FN:193,(anonymous_4)
FNF:3
FNH:3
FNDA:1,(anonymous_2)
FNDA:9,(anonymous_3)
FNDA:4,(anonymous_4)
DA:1,1
DA:2,1
DA:3,1
DA:4,1
DA:8,1
DA:9,1
DA:101,9
DA:194,4
DA:236,1
LF:9
LH:9
BRF:0
BRH:0
end_of_record
TN:
SF:src\config\contact.ts
FNF:0
FNH:0
DA:1,1
DA:2,1
DA:3,1
DA:4,1
DA:5,1
DA:6,1
LF:6
LH:6
BRDA:1,0,0,1
BRDA:1,0,1,1
BRDA:2,1,0,1
BRDA:2,1,1,1
BRDA:4,2,0,1
BRDA:4,2,1,1
BRDA:6,3,0,1
BRDA:6,3,1,1
BRF:8
BRH:8
end_of_record
TN:
SF:src\pages\api\contact.ts
FN:8,(anonymous_2)
FN:21,rateLimited
FN:36,handler
FNF:3
FNH:3
FNDA:1,(anonymous_2)
FNDA:2,rateLimited
FNDA:3,handler
DA:2,1
DA:4,1
DA:5,1
DA:6,1
DA:8,1
DA:9,1
DA:10,1
DA:11,1
DA:12,1
DA:14,0
DA:18,1
DA:22,2
DA:23,2
DA:24,2
DA:25,1
DA:26,1
DA:28,1
DA:29,0
DA:30,0
DA:32,1
DA:33,1
DA:36,3
DA:37,3
DA:38,1
DA:39,1
DA:42,2
DA:43,2
DA:44,2
DA:45,0
DA:48,2
DA:49,2
DA:50,1
DA:53,1
DA:54,1
DA:55,0
DA:58,1
DA:60,1
DA:61,1
DA:63,0
DA:68,0
DA:69,0
DA:72,0
DA:77,0
DA:82,0
DA:83,0
DA:84,0
DA:89,0
DA:91,0
DA:103,0
DA:110,0
DA:113,0
DA:114,0
DA:115,0
DA:118,0
DA:120,1
DA:122,1
DA:123,1
LF:57
LH:36
BRDA:8,0,0,0
BRDA:11,1,0,1
BRDA:11,1,1,0
BRDA:24,2,0,1
BRDA:28,3,0,0
BRDA:37,4,0,1
BRDA:42,5,0,2
BRDA:42,5,1,2
BRDA:43,6,0,2
BRDA:43,6,1,2
BRDA:43,6,2,2
BRDA:44,7,0,0
BRDA:48,8,0,2
BRDA:48,8,1,0
BRDA:49,9,0,1
BRDA:49,10,0,2
BRDA:49,10,1,1
BRDA:49,10,2,1
BRDA:49,10,3,1
BRDA:54,11,0,0
BRDA:61,12,0,1
BRDA:72,13,0,0
BRDA:73,14,0,0
BRDA:73,14,1,0
BRDA:73,14,2,0
BRDA:73,14,3,0
BRDA:73,14,4,0
BRDA:82,15,0,0
BRDA:82,15,1,0
BRDA:82,16,0,0
BRDA:82,16,1,0
BRDA:93,17,0,0
BRDA:93,17,1,0
BRDA:107,18,0,0
BRDA:107,18,1,0
BRDA:113,19,0,0
BRDA:115,20,0,0
BRDA:122,21,0,0
BRDA:122,21,1,1
BRF:39
BRH:16
end_of_record
